{"assets/js/app.js":{"path":"assets/js/app.js","s":{"1":1,"2":1,"3":1,"4":1,"5":1,"6":1},"b":{},"f":{"1":1,"2":1},"fnMap":{"1":{"name":"(anonymous_1)","line":5,"loc":{"start":{"line":5,"column":1},"end":{"line":5,"column":13}}},"2":{"name":"(anonymous_2)","line":9,"loc":{"start":{"line":9,"column":10},"end":{"line":9,"column":107}}}},"statementMap":{"1":{"start":{"line":5,"column":0},"end":{"line":74,"column":5}},"2":{"start":{"line":8,"column":1},"end":{"line":72,"column":32}},"3":{"start":{"line":11,"column":3},"end":{"line":47,"column":7}},"4":{"start":{"line":49,"column":3},"end":{"line":49,"column":37}},"5":{"start":{"line":51,"column":3},"end":{"line":53,"column":26}},"6":{"start":{"line":55,"column":3},"end":{"line":58,"column":12}}},"branchMap":{}},"assets/js/controllers/AddCommentController.js":{"path":"assets/js/controllers/AddCommentController.js","s":{"1":1,"2":1,"3":1,"4":0,"5":0,"6":0,"7":0,"8":0,"9":0,"10":0,"11":0,"12":0,"13":0},"b":{"1":[0,0]},"f":{"1":1,"2":0,"3":0,"4":0,"5":0},"fnMap":{"1":{"name":"(anonymous_1)","line":1,"loc":{"start":{"line":1,"column":1},"end":{"line":1,"column":13}}},"2":{"name":"AddCommentController","line":7,"loc":{"start":{"line":7,"column":2},"end":{"line":7,"column":106}}},"3":{"name":"(anonymous_3)","line":12,"loc":{"start":{"line":12,"column":18},"end":{"line":12,"column":30}}},"4":{"name":"(anonymous_4)","line":14,"loc":{"start":{"line":14,"column":14},"end":{"line":14,"column":34}}},"5":{"name":"(anonymous_5)","line":18,"loc":{"start":{"line":18,"column":15},"end":{"line":18,"column":30}}}},"statementMap":{"1":{"start":{"line":1,"column":0},"end":{"line":27,"column":5}},"2":{"start":{"line":4,"column":2},"end":{"line":5,"column":152}},"3":{"start":{"line":7,"column":2},"end":{"line":26,"column":3}},"4":{"start":{"line":8,"column":4},"end":{"line":8,"column":24}},"5":{"start":{"line":9,"column":4},"end":{"line":9,"column":33}},"6":{"start":{"line":10,"column":4},"end":{"line":10,"column":37}},"7":{"start":{"line":12,"column":4},"end":{"line":25,"column":5}},"8":{"start":{"line":13,"column":6},"end":{"line":24,"column":11}},"9":{"start":{"line":15,"column":10},"end":{"line":15,"column":41}},"10":{"start":{"line":16,"column":10},"end":{"line":16,"column":27}},"11":{"start":{"line":19,"column":10},"end":{"line":23,"column":11}},"12":{"start":{"line":20,"column":12},"end":{"line":20,"column":72}},"13":{"start":{"line":22,"column":12},"end":{"line":22,"column":114}}},"branchMap":{"1":{"line":19,"type":"if","locations":[{"start":{"line":19,"column":10},"end":{"line":19,"column":10}},{"start":{"line":19,"column":10},"end":{"line":19,"column":10}}]}}},"assets/js/controllers/AddEntryController.js":{"path":"assets/js/controllers/AddEntryController.js","s":{"1":1,"2":1,"3":1,"4":0,"5":0,"6":0,"7":0,"8":0,"9":0,"10":0,"11":0,"12":0,"13":0,"14":0},"b":{"1":[0,0],"2":[0,0]},"f":{"1":1,"2":0,"3":0,"4":0,"5":0},"fnMap":{"1":{"name":"(anonymous_1)","line":1,"loc":{"start":{"line":1,"column":1},"end":{"line":1,"column":13}}},"2":{"name":"AddEntryController","line":7,"loc":{"start":{"line":7,"column":2},"end":{"line":7,"column":115}}},"3":{"name":"(anonymous_3)","line":10,"loc":{"start":{"line":10,"column":18},"end":{"line":10,"column":30}}},"4":{"name":"(anonymous_4)","line":14,"loc":{"start":{"line":14,"column":14},"end":{"line":14,"column":34}}},"5":{"name":"(anonymous_5)","line":18,"loc":{"start":{"line":18,"column":15},"end":{"line":18,"column":30}}}},"statementMap":{"1":{"start":{"line":1,"column":0},"end":{"line":27,"column":5}},"2":{"start":{"line":4,"column":2},"end":{"line":5,"column":161}},"3":{"start":{"line":7,"column":2},"end":{"line":26,"column":3}},"4":{"start":{"line":8,"column":4},"end":{"line":8,"column":21}},"5":{"start":{"line":10,"column":4},"end":{"line":25,"column":5}},"6":{"start":{"line":11,"column":6},"end":{"line":11,"column":33}},"7":{"start":{"line":12,"column":6},"end":{"line":12,"column":37}},"8":{"start":{"line":13,"column":6},"end":{"line":24,"column":11}},"9":{"start":{"line":15,"column":10},"end":{"line":15,"column":27}},"10":{"start":{"line":16,"column":10},"end":{"line":16,"column":72}},"11":{"start":{"line":16,"column":25},"end":{"line":16,"column":72}},"12":{"start":{"line":19,"column":10},"end":{"line":23,"column":11}},"13":{"start":{"line":20,"column":12},"end":{"line":20,"column":72}},"14":{"start":{"line":22,"column":12},"end":{"line":22,"column":112}}},"branchMap":{"1":{"line":16,"type":"if","locations":[{"start":{"line":16,"column":10},"end":{"line":16,"column":10}},{"start":{"line":16,"column":10},"end":{"line":16,"column":10}}]},"2":{"line":19,"type":"if","locations":[{"start":{"line":19,"column":10},"end":{"line":19,"column":10}},{"start":{"line":19,"column":10},"end":{"line":19,"column":10}}]}}},"assets/js/controllers/AdminController.js":{"path":"assets/js/controllers/AdminController.js","s":{"1":1,"2":1,"3":1,"4":1,"5":0,"6":0,"7":0,"8":0,"9":0,"10":0,"11":0,"12":0,"13":0,"14":0,"15":0,"16":0,"17":0,"18":0,"19":0,"20":0,"21":0,"22":0,"23":0,"24":0,"25":0,"26":0,"27":0,"28":0,"29":0,"30":0,"31":0,"32":0,"33":0,"34":0,"35":0,"36":0,"37":0,"38":0,"39":0,"40":0,"41":0,"42":0,"43":0,"44":0,"45":0,"46":0,"47":0,"48":0,"49":0,"50":0,"51":0,"52":0,"53":0,"54":0,"55":0,"56":0,"57":0,"58":0,"59":0,"60":0,"61":0,"62":0,"63":0,"64":0,"65":0,"66":0,"67":0,"68":0,"69":0,"70":0,"71":0,"72":0,"73":0,"74":0,"75":0,"76":0,"77":0,"78":0,"79":0,"80":0,"81":0,"82":0,"83":0},"b":{"1":[0,0],"2":[0,0],"3":[0,0],"4":[0,0,0,0,0,0],"5":[0,0,0,0,0,0]},"f":{"1":1,"2":0,"3":0,"4":0,"5":0,"6":0,"7":0,"8":0,"9":0,"10":0,"11":0,"12":0,"13":0,"14":0,"15":0,"16":0,"17":0,"18":0,"19":0,"20":0,"21":0,"22":0},"fnMap":{"1":{"name":"(anonymous_1)","line":1,"loc":{"start":{"line":1,"column":1},"end":{"line":1,"column":13}}},"2":{"name":"AdminController","line":8,"loc":{"start":{"line":8,"column":1},"end":{"line":8,"column":99}}},"3":{"name":"(anonymous_3)","line":14,"loc":{"start":{"line":14,"column":23},"end":{"line":14,"column":35}}},"4":{"name":"(anonymous_4)","line":37,"loc":{"start":{"line":37,"column":13},"end":{"line":37,"column":33}}},"5":{"name":"(anonymous_5)","line":39,"loc":{"start":{"line":39,"column":15},"end":{"line":39,"column":35}}},"6":{"name":"(anonymous_6)","line":41,"loc":{"start":{"line":41,"column":17},"end":{"line":41,"column":37}}},"7":{"name":"(anonymous_7)","line":53,"loc":{"start":{"line":53,"column":22},"end":{"line":53,"column":33}}},"8":{"name":"(anonymous_8)","line":56,"loc":{"start":{"line":56,"column":9},"end":{"line":56,"column":28}}},"9":{"name":"(anonymous_9)","line":66,"loc":{"start":{"line":66,"column":10},"end":{"line":66,"column":24}}},"10":{"name":"(anonymous_10)","line":73,"loc":{"start":{"line":73,"column":12},"end":{"line":73,"column":23}}},"11":{"name":"(anonymous_11)","line":78,"loc":{"start":{"line":78,"column":20},"end":{"line":78,"column":32}}},"12":{"name":"(anonymous_12)","line":80,"loc":{"start":{"line":80,"column":9},"end":{"line":80,"column":29}}},"13":{"name":"(anonymous_13)","line":91,"loc":{"start":{"line":91,"column":10},"end":{"line":91,"column":24}}},"14":{"name":"(anonymous_14)","line":100,"loc":{"start":{"line":100,"column":27},"end":{"line":100,"column":43}}},"15":{"name":"(anonymous_15)","line":103,"loc":{"start":{"line":103,"column":9},"end":{"line":103,"column":20}}},"16":{"name":"(anonymous_16)","line":105,"loc":{"start":{"line":105,"column":10},"end":{"line":105,"column":29}}},"17":{"name":"(anonymous_17)","line":110,"loc":{"start":{"line":110,"column":11},"end":{"line":110,"column":30}}},"18":{"name":"(anonymous_18)","line":121,"loc":{"start":{"line":121,"column":25},"end":{"line":121,"column":41}}},"19":{"name":"(anonymous_19)","line":124,"loc":{"start":{"line":124,"column":9},"end":{"line":124,"column":20}}},"20":{"name":"(anonymous_20)","line":146,"loc":{"start":{"line":146,"column":10},"end":{"line":146,"column":29}}},"21":{"name":"(anonymous_21)","line":151,"loc":{"start":{"line":151,"column":11},"end":{"line":151,"column":30}}},"22":{"name":"(anonymous_22)","line":162,"loc":{"start":{"line":162,"column":21},"end":{"line":162,"column":37}}}},"statementMap":{"1":{"start":{"line":1,"column":0},"end":{"line":187,"column":5}},"2":{"start":{"line":3,"column":1},"end":{"line":4,"column":50}},"3":{"start":{"line":6,"column":1},"end":{"line":6,"column":115}},"4":{"start":{"line":8,"column":1},"end":{"line":185,"column":2}},"5":{"start":{"line":9,"column":2},"end":{"line":9,"column":16}},"6":{"start":{"line":11,"column":2},"end":{"line":11,"column":16}},"7":{"start":{"line":12,"column":2},"end":{"line":12,"column":35}},"8":{"start":{"line":14,"column":2},"end":{"line":51,"column":3}},"9":{"start":{"line":15,"column":3},"end":{"line":20,"column":4}},"10":{"start":{"line":22,"column":3},"end":{"line":27,"column":4}},"11":{"start":{"line":29,"column":3},"end":{"line":34,"column":4}},"12":{"start":{"line":35,"column":3},"end":{"line":35,"column":35}},"13":{"start":{"line":36,"column":3},"end":{"line":50,"column":7}},"14":{"start":{"line":38,"column":5},"end":{"line":49,"column":9}},"15":{"start":{"line":40,"column":7},"end":{"line":48,"column":11}},"16":{"start":{"line":42,"column":9},"end":{"line":42,"column":42}},"17":{"start":{"line":43,"column":9},"end":{"line":45,"column":31}},"18":{"start":{"line":46,"column":9},"end":{"line":46,"column":30}},"19":{"start":{"line":47,"column":9},"end":{"line":47,"column":27}},"20":{"start":{"line":53,"column":2},"end":{"line":76,"column":3}},"21":{"start":{"line":54,"column":3},"end":{"line":54,"column":35}},"22":{"start":{"line":55,"column":3},"end":{"line":75,"column":6}},"23":{"start":{"line":57,"column":4},"end":{"line":57,"column":42}},"24":{"start":{"line":58,"column":4},"end":{"line":63,"column":27}},"25":{"start":{"line":64,"column":4},"end":{"line":64,"column":25}},"26":{"start":{"line":67,"column":4},"end":{"line":71,"column":5}},"27":{"start":{"line":68,"column":5},"end":{"line":68,"column":49}},"28":{"start":{"line":70,"column":5},"end":{"line":70,"column":57}},"29":{"start":{"line":74,"column":4},"end":{"line":74,"column":37}},"30":{"start":{"line":78,"column":2},"end":{"line":96,"column":3}},"31":{"start":{"line":79,"column":3},"end":{"line":95,"column":6}},"32":{"start":{"line":81,"column":4},"end":{"line":81,"column":30}},"33":{"start":{"line":82,"column":4},"end":{"line":89,"column":5}},"34":{"start":{"line":83,"column":5},"end":{"line":85,"column":6}},"35":{"start":{"line":84,"column":6},"end":{"line":84,"column":32}},"36":{"start":{"line":86,"column":5},"end":{"line":86,"column":22}},"37":{"start":{"line":88,"column":5},"end":{"line":88,"column":61}},"38":{"start":{"line":92,"column":4},"end":{"line":94,"column":5}},"39":{"start":{"line":93,"column":5},"end":{"line":93,"column":22}},"40":{"start":{"line":98,"column":2},"end":{"line":98,"column":20}},"41":{"start":{"line":100,"column":2},"end":{"line":119,"column":3}},"42":{"start":{"line":101,"column":3},"end":{"line":101,"column":102}},"43":{"start":{"line":102,"column":3},"end":{"line":118,"column":6}},"44":{"start":{"line":104,"column":4},"end":{"line":117,"column":7}},"45":{"start":{"line":106,"column":5},"end":{"line":106,"column":53}},"46":{"start":{"line":107,"column":5},"end":{"line":107,"column":26}},"47":{"start":{"line":108,"column":5},"end":{"line":108,"column":23}},"48":{"start":{"line":111,"column":5},"end":{"line":115,"column":29}},"49":{"start":{"line":116,"column":5},"end":{"line":116,"column":29}},"50":{"start":{"line":121,"column":2},"end":{"line":160,"column":3}},"51":{"start":{"line":122,"column":3},"end":{"line":122,"column":95}},"52":{"start":{"line":123,"column":3},"end":{"line":159,"column":6}},"53":{"start":{"line":125,"column":4},"end":{"line":125,"column":51}},"54":{"start":{"line":126,"column":4},"end":{"line":143,"column":5}},"55":{"start":{"line":128,"column":5},"end":{"line":128,"column":34}},"56":{"start":{"line":129,"column":5},"end":{"line":129,"column":11}},"57":{"start":{"line":131,"column":5},"end":{"line":131,"column":28}},"58":{"start":{"line":132,"column":5},"end":{"line":132,"column":11}},"59":{"start":{"line":134,"column":5},"end":{"line":134,"column":29}},"60":{"start":{"line":135,"column":5},"end":{"line":135,"column":11}},"61":{"start":{"line":137,"column":5},"end":{"line":137,"column":29}},"62":{"start":{"line":138,"column":5},"end":{"line":138,"column":11}},"63":{"start":{"line":140,"column":5},"end":{"line":140,"column":32}},"64":{"start":{"line":141,"column":5},"end":{"line":141,"column":11}},"65":{"start":{"line":142,"column":14},"end":{"line":142,"column":36}},"66":{"start":{"line":145,"column":4},"end":{"line":158,"column":7}},"67":{"start":{"line":147,"column":5},"end":{"line":147,"column":43}},"68":{"start":{"line":148,"column":5},"end":{"line":148,"column":26}},"69":{"start":{"line":149,"column":5},"end":{"line":149,"column":23}},"70":{"start":{"line":152,"column":5},"end":{"line":156,"column":29}},"71":{"start":{"line":157,"column":5},"end":{"line":157,"column":29}},"72":{"start":{"line":162,"column":2},"end":{"line":181,"column":3}},"73":{"start":{"line":163,"column":3},"end":{"line":180,"column":4}},"74":{"start":{"line":165,"column":5},"end":{"line":165,"column":32}},"75":{"start":{"line":166,"column":5},"end":{"line":166,"column":11}},"76":{"start":{"line":168,"column":5},"end":{"line":168,"column":25}},"77":{"start":{"line":169,"column":5},"end":{"line":169,"column":11}},"78":{"start":{"line":171,"column":5},"end":{"line":171,"column":26}},"79":{"start":{"line":172,"column":5},"end":{"line":172,"column":11}},"80":{"start":{"line":174,"column":5},"end":{"line":174,"column":26}},"81":{"start":{"line":176,"column":5},"end":{"line":176,"column":29}},"82":{"start":{"line":177,"column":5},"end":{"line":177,"column":11}},"83":{"start":{"line":179,"column":5},"end":{"line":179,"column":26}}},"branchMap":{"1":{"line":67,"type":"if","locations":[{"start":{"line":67,"column":4},"end":{"line":67,"column":4}},{"start":{"line":67,"column":4},"end":{"line":67,"column":4}}]},"2":{"line":82,"type":"if","locations":[{"start":{"line":82,"column":4},"end":{"line":82,"column":4}},{"start":{"line":82,"column":4},"end":{"line":82,"column":4}}]},"3":{"line":92,"type":"if","locations":[{"start":{"line":92,"column":4},"end":{"line":92,"column":4}},{"start":{"line":92,"column":4},"end":{"line":92,"column":4}}]},"4":{"line":126,"type":"switch","locations":[{"start":{"line":127,"column":5},"end":{"line":129,"column":11}},{"start":{"line":130,"column":5},"end":{"line":132,"column":11}},{"start":{"line":133,"column":5},"end":{"line":135,"column":11}},{"start":{"line":136,"column":5},"end":{"line":138,"column":11}},{"start":{"line":139,"column":5},"end":{"line":141,"column":11}},{"start":{"line":142,"column":5},"end":{"line":142,"column":36}}]},"5":{"line":163,"type":"switch","locations":[{"start":{"line":164,"column":4},"end":{"line":166,"column":11}},{"start":{"line":167,"column":4},"end":{"line":169,"column":11}},{"start":{"line":170,"column":4},"end":{"line":172,"column":11}},{"start":{"line":173,"column":4},"end":{"line":174,"column":26}},{"start":{"line":175,"column":4},"end":{"line":177,"column":11}},{"start":{"line":178,"column":4},"end":{"line":179,"column":26}}]}}},"assets/js/controllers/AnswerController.js":{"path":"assets/js/controllers/AnswerController.js","s":{"1":1,"2":1,"3":1,"4":0,"5":0,"6":0,"7":0,"8":0,"9":0,"10":0,"11":0,"12":0,"13":0,"14":0,"15":0,"16":0,"17":0,"18":0,"19":0,"20":0,"21":0,"22":0,"23":0,"24":0,"25":0,"26":0,"27":0,"28":0,"29":0,"30":0,"31":0,"32":0,"33":0,"34":0,"35":0,"36":0,"37":0,"38":0,"39":0,"40":0,"41":0,"42":0,"43":0,"44":0,"45":0,"46":0,"47":0,"48":0,"49":0,"50":0,"51":0,"52":0,"53":0,"54":0,"55":0,"56":0},"b":{"1":[0,0],"2":[0,0],"3":[0,0,0],"4":[0,0],"5":[0,0],"6":[0,0],"7":[0,0],"8":[0,0],"9":[0,0],"10":[0,0],"11":[0,0]},"f":{"1":1,"2":0,"3":0,"4":0,"5":0,"6":0,"7":0,"8":0,"9":0,"10":0,"11":0,"12":0,"13":0,"14":0,"15":0,"16":0,"17":0,"18":0,"19":0,"20":0,"21":0},"fnMap":{"1":{"name":"(anonymous_1)","line":1,"loc":{"start":{"line":1,"column":1},"end":{"line":1,"column":13}}},"2":{"name":"AnswerController","line":7,"loc":{"start":{"line":7,"column":2},"end":{"line":7,"column":85}}},"3":{"name":"(anonymous_3)","line":12,"loc":{"start":{"line":12,"column":14},"end":{"line":12,"column":34}}},"4":{"name":"(anonymous_4)","line":16,"loc":{"start":{"line":16,"column":15},"end":{"line":16,"column":30}}},"5":{"name":"(anonymous_5)","line":27,"loc":{"start":{"line":27,"column":31},"end":{"line":27,"column":60}}},"6":{"name":"(anonymous_6)","line":35,"loc":{"start":{"line":35,"column":18},"end":{"line":35,"column":30}}},"7":{"name":"(anonymous_7)","line":37,"loc":{"start":{"line":37,"column":14},"end":{"line":37,"column":34}}},"8":{"name":"(anonymous_8)","line":44,"loc":{"start":{"line":44,"column":15},"end":{"line":44,"column":30}}},"9":{"name":"(anonymous_9)","line":53,"loc":{"start":{"line":53,"column":22},"end":{"line":53,"column":34}}},"10":{"name":"(anonymous_10)","line":57,"loc":{"start":{"line":57,"column":22},"end":{"line":57,"column":34}}},"11":{"name":"(anonymous_11)","line":62,"loc":{"start":{"line":62,"column":14},"end":{"line":62,"column":34}}},"12":{"name":"(anonymous_12)","line":65,"loc":{"start":{"line":65,"column":15},"end":{"line":65,"column":30}}},"13":{"name":"(anonymous_13)","line":74,"loc":{"start":{"line":74,"column":20},"end":{"line":74,"column":31}}},"14":{"name":"(anonymous_14)","line":76,"loc":{"start":{"line":76,"column":12},"end":{"line":76,"column":31}}},"15":{"name":"(anonymous_15)","line":80,"loc":{"start":{"line":80,"column":13},"end":{"line":80,"column":27}}},"16":{"name":"(anonymous_16)","line":89,"loc":{"start":{"line":89,"column":22},"end":{"line":89,"column":33}}},"17":{"name":"(anonymous_17)","line":91,"loc":{"start":{"line":91,"column":12},"end":{"line":91,"column":31}}},"18":{"name":"(anonymous_18)","line":95,"loc":{"start":{"line":95,"column":13},"end":{"line":95,"column":27}}},"19":{"name":"(anonymous_19)","line":104,"loc":{"start":{"line":104,"column":21},"end":{"line":104,"column":33}}},"20":{"name":"(anonymous_20)","line":116,"loc":{"start":{"line":116,"column":14},"end":{"line":116,"column":26}}},"21":{"name":"(anonymous_21)","line":119,"loc":{"start":{"line":119,"column":15},"end":{"line":119,"column":27}}}},"statementMap":{"1":{"start":{"line":1,"column":0},"end":{"line":124,"column":5}},"2":{"start":{"line":4,"column":2},"end":{"line":5,"column":123}},"3":{"start":{"line":7,"column":2},"end":{"line":123,"column":3}},"4":{"start":{"line":8,"column":4},"end":{"line":8,"column":45}},"5":{"start":{"line":8,"column":22},"end":{"line":8,"column":45}},"6":{"start":{"line":10,"column":4},"end":{"line":23,"column":5}},"7":{"start":{"line":11,"column":6},"end":{"line":22,"column":11}},"8":{"start":{"line":13,"column":10},"end":{"line":13,"column":39}},"9":{"start":{"line":14,"column":10},"end":{"line":14,"column":33}},"10":{"start":{"line":17,"column":10},"end":{"line":21,"column":11}},"11":{"start":{"line":18,"column":12},"end":{"line":18,"column":72}},"12":{"start":{"line":20,"column":12},"end":{"line":20,"column":103}},"13":{"start":{"line":25,"column":4},"end":{"line":25,"column":29}},"14":{"start":{"line":27,"column":4},"end":{"line":33,"column":6}},"15":{"start":{"line":28,"column":6},"end":{"line":32,"column":7}},"16":{"start":{"line":29,"column":8},"end":{"line":29,"column":54}},"17":{"start":{"line":30,"column":13},"end":{"line":32,"column":7}},"18":{"start":{"line":31,"column":8},"end":{"line":31,"column":40}},"19":{"start":{"line":35,"column":4},"end":{"line":51,"column":5}},"20":{"start":{"line":36,"column":6},"end":{"line":50,"column":11}},"21":{"start":{"line":38,"column":10},"end":{"line":38,"column":41}},"22":{"start":{"line":39,"column":10},"end":{"line":39,"column":39}},"23":{"start":{"line":40,"column":10},"end":{"line":40,"column":37}},"24":{"start":{"line":41,"column":10},"end":{"line":41,"column":35}},"25":{"start":{"line":42,"column":10},"end":{"line":42,"column":55}},"26":{"start":{"line":45,"column":10},"end":{"line":49,"column":11}},"27":{"start":{"line":46,"column":12},"end":{"line":46,"column":72}},"28":{"start":{"line":48,"column":12},"end":{"line":48,"column":113}},"29":{"start":{"line":53,"column":4},"end":{"line":55,"column":5}},"30":{"start":{"line":54,"column":6},"end":{"line":54,"column":47}},"31":{"start":{"line":57,"column":4},"end":{"line":72,"column":5}},"32":{"start":{"line":58,"column":6},"end":{"line":58,"column":40}},"33":{"start":{"line":59,"column":6},"end":{"line":59,"column":20}},"34":{"start":{"line":60,"column":6},"end":{"line":60,"column":47}},"35":{"start":{"line":61,"column":6},"end":{"line":71,"column":10}},"36":{"start":{"line":63,"column":10},"end":{"line":63,"column":46}},"37":{"start":{"line":66,"column":10},"end":{"line":70,"column":11}},"38":{"start":{"line":67,"column":12},"end":{"line":67,"column":72}},"39":{"start":{"line":69,"column":12},"end":{"line":69,"column":116}},"40":{"start":{"line":74,"column":4},"end":{"line":87,"column":5}},"41":{"start":{"line":75,"column":6},"end":{"line":86,"column":9}},"42":{"start":{"line":77,"column":8},"end":{"line":77,"column":33}},"43":{"start":{"line":78,"column":8},"end":{"line":78,"column":103}},"44":{"start":{"line":81,"column":8},"end":{"line":85,"column":9}},"45":{"start":{"line":82,"column":10},"end":{"line":82,"column":70}},"46":{"start":{"line":84,"column":10},"end":{"line":84,"column":130}},"47":{"start":{"line":89,"column":4},"end":{"line":102,"column":5}},"48":{"start":{"line":90,"column":6},"end":{"line":101,"column":9}},"49":{"start":{"line":92,"column":8},"end":{"line":92,"column":33}},"50":{"start":{"line":93,"column":8},"end":{"line":93,"column":103}},"51":{"start":{"line":96,"column":8},"end":{"line":100,"column":9}},"52":{"start":{"line":97,"column":10},"end":{"line":97,"column":70}},"53":{"start":{"line":99,"column":10},"end":{"line":99,"column":132}},"54":{"start":{"line":104,"column":4},"end":{"line":122,"column":5}},"55":{"start":{"line":105,"column":6},"end":{"line":121,"column":11}},"56":{"start":{"line":117,"column":10},"end":{"line":117,"column":55}}},"branchMap":{"1":{"line":8,"type":"if","locations":[{"start":{"line":8,"column":4},"end":{"line":8,"column":4}},{"start":{"line":8,"column":4},"end":{"line":8,"column":4}}]},"2":{"line":10,"type":"if","locations":[{"start":{"line":10,"column":4},"end":{"line":10,"column":4}},{"start":{"line":10,"column":4},"end":{"line":10,"column":4}}]},"3":{"line":10,"type":"binary-expr","locations":[{"start":{"line":10,"column":8},"end":{"line":10,"column":21}},{"start":{"line":10,"column":25},"end":{"line":10,"column":47}},{"start":{"line":10,"column":51},"end":{"line":10,"column":73}}]},"4":{"line":17,"type":"if","locations":[{"start":{"line":17,"column":10},"end":{"line":17,"column":10}},{"start":{"line":17,"column":10},"end":{"line":17,"column":10}}]},"5":{"line":28,"type":"if","locations":[{"start":{"line":28,"column":6},"end":{"line":28,"column":6}},{"start":{"line":28,"column":6},"end":{"line":28,"column":6}}]},"6":{"line":30,"type":"if","locations":[{"start":{"line":30,"column":13},"end":{"line":30,"column":13}},{"start":{"line":30,"column":13},"end":{"line":30,"column":13}}]},"7":{"line":30,"type":"binary-expr","locations":[{"start":{"line":30,"column":17},"end":{"line":30,"column":33}},{"start":{"line":30,"column":37},"end":{"line":30,"column":57}}]},"8":{"line":45,"type":"if","locations":[{"start":{"line":45,"column":10},"end":{"line":45,"column":10}},{"start":{"line":45,"column":10},"end":{"line":45,"column":10}}]},"9":{"line":66,"type":"if","locations":[{"start":{"line":66,"column":10},"end":{"line":66,"column":10}},{"start":{"line":66,"column":10},"end":{"line":66,"column":10}}]},"10":{"line":81,"type":"if","locations":[{"start":{"line":81,"column":8},"end":{"line":81,"column":8}},{"start":{"line":81,"column":8},"end":{"line":81,"column":8}}]},"11":{"line":96,"type":"if","locations":[{"start":{"line":96,"column":8},"end":{"line":96,"column":8}},{"start":{"line":96,"column":8},"end":{"line":96,"column":8}}]}}},"assets/js/controllers/AuthController.js":{"path":"assets/js/controllers/AuthController.js","s":{"1":1,"2":1,"3":1,"4":1,"5":0,"6":0,"7":0,"8":0,"9":0,"10":0,"11":0,"12":0,"13":0,"14":0,"15":0,"16":0,"17":0,"18":0,"19":0,"20":0,"21":0,"22":0,"23":0,"24":0,"25":0,"26":0,"27":0,"28":0,"29":0,"30":0,"31":0,"32":0,"33":0,"34":0,"35":0,"36":0,"37":0,"38":0,"39":0,"40":0,"41":0,"42":0,"43":0},"b":{"1":[0,0],"2":[0,0],"3":[0,0],"4":[0,0],"5":[0,0],"6":[0,0],"7":[0,0],"8":[0,0,0,0,0]},"f":{"1":1,"2":0,"3":0,"4":0,"5":0,"6":0,"7":0,"8":0,"9":0,"10":0,"11":0,"12":0},"fnMap":{"1":{"name":"(anonymous_1)","line":1,"loc":{"start":{"line":1,"column":1},"end":{"line":1,"column":13}}},"2":{"name":"AuthController","line":9,"loc":{"start":{"line":9,"column":1},"end":{"line":9,"column":102}}},"3":{"name":"(anonymous_3)","line":24,"loc":{"start":{"line":24,"column":28},"end":{"line":24,"column":40}}},"4":{"name":"(anonymous_4)","line":33,"loc":{"start":{"line":33,"column":25},"end":{"line":33,"column":55}}},"5":{"name":"(anonymous_5)","line":36,"loc":{"start":{"line":36,"column":54},"end":{"line":36,"column":75}}},"6":{"name":"(anonymous_6)","line":46,"loc":{"start":{"line":46,"column":14},"end":{"line":46,"column":25}}},"7":{"name":"(anonymous_7)","line":50,"loc":{"start":{"line":50,"column":21},"end":{"line":50,"column":36}}},"8":{"name":"(anonymous_8)","line":55,"loc":{"start":{"line":55,"column":36},"end":{"line":55,"column":56}}},"9":{"name":"(anonymous_9)","line":67,"loc":{"start":{"line":67,"column":11},"end":{"line":67,"column":30}}},"10":{"name":"(anonymous_10)","line":72,"loc":{"start":{"line":72,"column":12},"end":{"line":72,"column":26}}},"11":{"name":"(anonymous_11)","line":80,"loc":{"start":{"line":80,"column":16},"end":{"line":80,"column":27}}},"12":{"name":"(anonymous_12)","line":85,"loc":{"start":{"line":85,"column":5},"end":{"line":85,"column":28}}}},"statementMap":{"1":{"start":{"line":1,"column":0},"end":{"line":90,"column":5}},"2":{"start":{"line":4,"column":1},"end":{"line":5,"column":48}},"3":{"start":{"line":7,"column":1},"end":{"line":7,"column":118}},"4":{"start":{"line":9,"column":1},"end":{"line":89,"column":2}},"5":{"start":{"line":10,"column":2},"end":{"line":10,"column":16}},"6":{"start":{"line":12,"column":2},"end":{"line":12,"column":15}},"7":{"start":{"line":13,"column":2},"end":{"line":13,"column":32}},"8":{"start":{"line":15,"column":2},"end":{"line":15,"column":35}},"9":{"start":{"line":17,"column":2},"end":{"line":17,"column":23}},"10":{"start":{"line":18,"column":2},"end":{"line":18,"column":23}},"11":{"start":{"line":24,"column":2},"end":{"line":26,"column":3}},"12":{"start":{"line":25,"column":3},"end":{"line":25,"column":39}},"13":{"start":{"line":33,"column":2},"end":{"line":41,"column":3}},"14":{"start":{"line":34,"column":3},"end":{"line":34,"column":35}},"15":{"start":{"line":36,"column":3},"end":{"line":40,"column":6}},"16":{"start":{"line":37,"column":4},"end":{"line":37,"column":37}},"17":{"start":{"line":38,"column":4},"end":{"line":38,"column":52}},"18":{"start":{"line":38,"column":15},"end":{"line":38,"column":50}},"19":{"start":{"line":39,"column":4},"end":{"line":39,"column":47}},"20":{"start":{"line":39,"column":16},"end":{"line":39,"column":45}},"21":{"start":{"line":46,"column":2},"end":{"line":48,"column":3}},"22":{"start":{"line":47,"column":3},"end":{"line":47,"column":25}},"23":{"start":{"line":50,"column":2},"end":{"line":78,"column":3}},"24":{"start":{"line":51,"column":3},"end":{"line":51,"column":31}},"25":{"start":{"line":52,"column":3},"end":{"line":52,"column":31}},"26":{"start":{"line":53,"column":3},"end":{"line":53,"column":31}},"27":{"start":{"line":55,"column":3},"end":{"line":77,"column":6}},"28":{"start":{"line":56,"column":4},"end":{"line":59,"column":5}},"29":{"start":{"line":57,"column":5},"end":{"line":57,"column":20}},"30":{"start":{"line":58,"column":5},"end":{"line":58,"column":12}},"31":{"start":{"line":61,"column":4},"end":{"line":64,"column":5}},"32":{"start":{"line":62,"column":5},"end":{"line":62,"column":75}},"33":{"start":{"line":63,"column":5},"end":{"line":63,"column":12}},"34":{"start":{"line":66,"column":4},"end":{"line":76,"column":8}},"35":{"start":{"line":68,"column":6},"end":{"line":68,"column":68}},"36":{"start":{"line":68,"column":31},"end":{"line":68,"column":68}},"37":{"start":{"line":69,"column":6},"end":{"line":69,"column":64}},"38":{"start":{"line":70,"column":6},"end":{"line":70,"column":35}},"39":{"start":{"line":73,"column":6},"end":{"line":75,"column":7}},"40":{"start":{"line":74,"column":7},"end":{"line":74,"column":37}},"41":{"start":{"line":80,"column":2},"end":{"line":87,"column":5}},"42":{"start":{"line":81,"column":3},"end":{"line":84,"column":72}},"43":{"start":{"line":86,"column":3},"end":{"line":86,"column":40}}},"branchMap":{"1":{"line":38,"type":"if","locations":[{"start":{"line":38,"column":4},"end":{"line":38,"column":4}},{"start":{"line":38,"column":4},"end":{"line":38,"column":4}}]},"2":{"line":38,"type":"binary-expr","locations":[{"start":{"line":38,"column":31},"end":{"line":38,"column":42}},{"start":{"line":38,"column":46},"end":{"line":38,"column":49}}]},"3":{"line":39,"type":"if","locations":[{"start":{"line":39,"column":4},"end":{"line":39,"column":4}},{"start":{"line":39,"column":4},"end":{"line":39,"column":4}}]},"4":{"line":56,"type":"if","locations":[{"start":{"line":56,"column":4},"end":{"line":56,"column":4}},{"start":{"line":56,"column":4},"end":{"line":56,"column":4}}]},"5":{"line":61,"type":"if","locations":[{"start":{"line":61,"column":4},"end":{"line":61,"column":4}},{"start":{"line":61,"column":4},"end":{"line":61,"column":4}}]},"6":{"line":68,"type":"if","locations":[{"start":{"line":68,"column":6},"end":{"line":68,"column":6}},{"start":{"line":68,"column":6},"end":{"line":68,"column":6}}]},"7":{"line":73,"type":"if","locations":[{"start":{"line":73,"column":6},"end":{"line":73,"column":6}},{"start":{"line":73,"column":6},"end":{"line":73,"column":6}}]},"8":{"line":81,"type":"binary-expr","locations":[{"start":{"line":81,"column":10},"end":{"line":81,"column":49}},{"start":{"line":82,"column":6},"end":{"line":82,"column":44}},{"start":{"line":83,"column":6},"end":{"line":83,"column":41}},{"start":{"line":84,"column":6},"end":{"line":84,"column":22}},{"start":{"line":84,"column":27},"end":{"line":84,"column":70}}]}}},"assets/js/controllers/CommentController.js":{"path":"assets/js/controllers/CommentController.js","s":{"1":1,"2":1,"3":1,"4":0,"5":0,"6":0,"7":0,"8":0,"9":0,"10":0,"11":0,"12":0,"13":0,"14":0,"15":0,"16":0,"17":0,"18":0,"19":0,"20":0,"21":0,"22":0},"b":{"1":[0,0],"2":[0,0],"3":[0,0],"4":[0,0],"5":[0,0],"6":[0,0],"7":[0,0]},"f":{"1":1,"2":0,"3":0,"4":0,"5":0,"6":0,"7":0,"8":0},"fnMap":{"1":{"name":"(anonymous_1)","line":1,"loc":{"start":{"line":1,"column":1},"end":{"line":1,"column":13}}},"2":{"name":"CommentController","line":7,"loc":{"start":{"line":7,"column":2},"end":{"line":7,"column":75}}},"3":{"name":"(anonymous_3)","line":12,"loc":{"start":{"line":12,"column":14},"end":{"line":12,"column":34}}},"4":{"name":"(anonymous_4)","line":15,"loc":{"start":{"line":15,"column":15},"end":{"line":15,"column":30}}},"5":{"name":"(anonymous_5)","line":24,"loc":{"start":{"line":24,"column":31},"end":{"line":24,"column":51}}},"6":{"name":"(anonymous_6)","line":32,"loc":{"start":{"line":32,"column":18},"end":{"line":32,"column":30}}},"7":{"name":"(anonymous_7)","line":34,"loc":{"start":{"line":34,"column":14},"end":{"line":34,"column":34}}},"8":{"name":"(anonymous_8)","line":38,"loc":{"start":{"line":38,"column":15},"end":{"line":38,"column":30}}}},"statementMap":{"1":{"start":{"line":1,"column":0},"end":{"line":47,"column":5}},"2":{"start":{"line":4,"column":2},"end":{"line":5,"column":112}},"3":{"start":{"line":7,"column":2},"end":{"line":46,"column":3}},"4":{"start":{"line":8,"column":4},"end":{"line":8,"column":29}},"5":{"start":{"line":10,"column":4},"end":{"line":22,"column":5}},"6":{"start":{"line":11,"column":6},"end":{"line":21,"column":11}},"7":{"start":{"line":13,"column":10},"end":{"line":13,"column":38}},"8":{"start":{"line":16,"column":10},"end":{"line":20,"column":11}},"9":{"start":{"line":17,"column":12},"end":{"line":17,"column":72}},"10":{"start":{"line":19,"column":12},"end":{"line":19,"column":104}},"11":{"start":{"line":24,"column":4},"end":{"line":30,"column":7}},"12":{"start":{"line":25,"column":6},"end":{"line":29,"column":7}},"13":{"start":{"line":26,"column":8},"end":{"line":26,"column":41}},"14":{"start":{"line":27,"column":13},"end":{"line":29,"column":7}},"15":{"start":{"line":28,"column":8},"end":{"line":28,"column":41}},"16":{"start":{"line":32,"column":4},"end":{"line":45,"column":5}},"17":{"start":{"line":33,"column":6},"end":{"line":44,"column":11}},"18":{"start":{"line":35,"column":10},"end":{"line":35,"column":38}},"19":{"start":{"line":36,"column":10},"end":{"line":36,"column":35}},"20":{"start":{"line":39,"column":10},"end":{"line":43,"column":11}},"21":{"start":{"line":40,"column":12},"end":{"line":40,"column":72}},"22":{"start":{"line":42,"column":12},"end":{"line":42,"column":114}}},"branchMap":{"1":{"line":10,"type":"if","locations":[{"start":{"line":10,"column":4},"end":{"line":10,"column":4}},{"start":{"line":10,"column":4},"end":{"line":10,"column":4}}]},"2":{"line":10,"type":"binary-expr","locations":[{"start":{"line":10,"column":8},"end":{"line":10,"column":19}},{"start":{"line":10,"column":23},"end":{"line":10,"column":44}}]},"3":{"line":16,"type":"if","locations":[{"start":{"line":16,"column":10},"end":{"line":16,"column":10}},{"start":{"line":16,"column":10},"end":{"line":16,"column":10}}]},"4":{"line":25,"type":"if","locations":[{"start":{"line":25,"column":6},"end":{"line":25,"column":6}},{"start":{"line":25,"column":6},"end":{"line":25,"column":6}}]},"5":{"line":27,"type":"if","locations":[{"start":{"line":27,"column":13},"end":{"line":27,"column":13}},{"start":{"line":27,"column":13},"end":{"line":27,"column":13}}]},"6":{"line":27,"type":"binary-expr","locations":[{"start":{"line":27,"column":17},"end":{"line":27,"column":35}},{"start":{"line":27,"column":39},"end":{"line":27,"column":58}}]},"7":{"line":39,"type":"if","locations":[{"start":{"line":39,"column":10},"end":{"line":39,"column":10}},{"start":{"line":39,"column":10},"end":{"line":39,"column":10}}]}}},"assets/js/controllers/DashboardController.js":{"path":"assets/js/controllers/DashboardController.js","s":{"1":1,"2":1,"3":1,"4":1,"5":0,"6":0,"7":0,"8":0,"9":0,"10":0,"11":0,"12":0,"13":0,"14":0,"15":0,"16":0,"17":0,"18":0,"19":0,"20":0,"21":0,"22":0,"23":0,"24":0,"25":0,"26":0,"27":0,"28":0,"29":0,"30":0,"31":0},"b":{"1":[0,0],"2":[0,0]},"f":{"1":1,"2":0,"3":0,"4":0,"5":0,"6":0,"7":0,"8":0,"9":0,"10":0,"11":0},"fnMap":{"1":{"name":"(anonymous_1)","line":1,"loc":{"start":{"line":1,"column":1},"end":{"line":1,"column":13}}},"2":{"name":"DashboardController","line":9,"loc":{"start":{"line":9,"column":2},"end":{"line":9,"column":119}}},"3":{"name":"(anonymous_3)","line":16,"loc":{"start":{"line":16,"column":12},"end":{"line":16,"column":28}}},"4":{"name":"(anonymous_4)","line":20,"loc":{"start":{"line":20,"column":18},"end":{"line":20,"column":30}}},"5":{"name":"(anonymous_5)","line":22,"loc":{"start":{"line":22,"column":14},"end":{"line":22,"column":34}}},"6":{"name":"(anonymous_6)","line":26,"loc":{"start":{"line":26,"column":14},"end":{"line":26,"column":34}}},"7":{"name":"(anonymous_7)","line":30,"loc":{"start":{"line":30,"column":14},"end":{"line":30,"column":33}}},"8":{"name":"(anonymous_8)","line":34,"loc":{"start":{"line":34,"column":14},"end":{"line":34,"column":34}}},"9":{"name":"(anonymous_9)","line":38,"loc":{"start":{"line":38,"column":15},"end":{"line":38,"column":30}}},"10":{"name":"(anonymous_10)","line":52,"loc":{"start":{"line":52,"column":18},"end":{"line":52,"column":57}}},"11":{"name":"(anonymous_11)","line":59,"loc":{"start":{"line":59,"column":45},"end":{"line":59,"column":67}}}},"statementMap":{"1":{"start":{"line":1,"column":0},"end":{"line":70,"column":5}},"2":{"start":{"line":4,"column":2},"end":{"line":5,"column":60}},"3":{"start":{"line":7,"column":2},"end":{"line":7,"column":137}},"4":{"start":{"line":9,"column":2},"end":{"line":68,"column":2}},"5":{"start":{"line":10,"column":4},"end":{"line":10,"column":18}},"6":{"start":{"line":11,"column":4},"end":{"line":11,"column":20}},"7":{"start":{"line":12,"column":4},"end":{"line":12,"column":22}},"8":{"start":{"line":13,"column":4},"end":{"line":13,"column":20}},"9":{"start":{"line":14,"column":4},"end":{"line":14,"column":21}},"10":{"start":{"line":16,"column":4},"end":{"line":18,"column":5}},"11":{"start":{"line":17,"column":6},"end":{"line":17,"column":27}},"12":{"start":{"line":20,"column":4},"end":{"line":45,"column":5}},"13":{"start":{"line":21,"column":6},"end":{"line":44,"column":11}},"14":{"start":{"line":23,"column":10},"end":{"line":23,"column":39}},"15":{"start":{"line":24,"column":10},"end":{"line":24,"column":54}},"16":{"start":{"line":27,"column":10},"end":{"line":27,"column":37}},"17":{"start":{"line":28,"column":10},"end":{"line":28,"column":53}},"18":{"start":{"line":31,"column":10},"end":{"line":31,"column":36}},"19":{"start":{"line":32,"column":10},"end":{"line":32,"column":55}},"20":{"start":{"line":35,"column":10},"end":{"line":35,"column":38}},"21":{"start":{"line":36,"column":10},"end":{"line":36,"column":51}},"22":{"start":{"line":39,"column":10},"end":{"line":43,"column":11}},"23":{"start":{"line":40,"column":12},"end":{"line":40,"column":72}},"24":{"start":{"line":42,"column":12},"end":{"line":42,"column":120}},"25":{"start":{"line":52,"column":2},"end":{"line":54,"column":3}},"26":{"start":{"line":53,"column":3},"end":{"line":53,"column":55}},"27":{"start":{"line":59,"column":2},"end":{"line":64,"column":5}},"28":{"start":{"line":60,"column":6},"end":{"line":63,"column":7}},"29":{"start":{"line":61,"column":8},"end":{"line":61,"column":27}},"30":{"start":{"line":62,"column":8},"end":{"line":62,"column":22}},"31":{"start":{"line":66,"column":2},"end":{"line":66,"column":66}}},"branchMap":{"1":{"line":39,"type":"if","locations":[{"start":{"line":39,"column":10},"end":{"line":39,"column":10}},{"start":{"line":39,"column":10},"end":{"line":39,"column":10}}]},"2":{"line":60,"type":"if","locations":[{"start":{"line":60,"column":6},"end":{"line":60,"column":6}},{"start":{"line":60,"column":6},"end":{"line":60,"column":6}}]}}},"assets/js/controllers/EntryDetailController.js":{"path":"assets/js/controllers/EntryDetailController.js","s":{"1":1,"2":1,"3":1,"4":0,"5":0,"6":0,"7":0,"8":0,"9":0,"10":0,"11":0,"12":0,"13":0,"14":0,"15":0},"b":{"1":[0,0]},"f":{"1":1,"2":0,"3":0,"4":0,"5":0,"6":0},"fnMap":{"1":{"name":"(anonymous_1)","line":1,"loc":{"start":{"line":1,"column":1},"end":{"line":1,"column":13}}},"2":{"name":"EntryDetailController","line":7,"loc":{"start":{"line":7,"column":2},"end":{"line":7,"column":81}}},"3":{"name":"(anonymous_3)","line":11,"loc":{"start":{"line":11,"column":22},"end":{"line":11,"column":34}}},"4":{"name":"(anonymous_4)","line":13,"loc":{"start":{"line":13,"column":14},"end":{"line":13,"column":34}}},"5":{"name":"(anonymous_5)","line":17,"loc":{"start":{"line":17,"column":15},"end":{"line":17,"column":30}}},"6":{"name":"(anonymous_6)","line":26,"loc":{"start":{"line":26,"column":38},"end":{"line":26,"column":50}}}},"statementMap":{"1":{"start":{"line":1,"column":0},"end":{"line":32,"column":5}},"2":{"start":{"line":4,"column":2},"end":{"line":5,"column":122}},"3":{"start":{"line":7,"column":2},"end":{"line":31,"column":3}},"4":{"start":{"line":8,"column":4},"end":{"line":8,"column":18}},"5":{"start":{"line":9,"column":4},"end":{"line":9,"column":29}},"6":{"start":{"line":11,"column":4},"end":{"line":24,"column":5}},"7":{"start":{"line":12,"column":6},"end":{"line":23,"column":11}},"8":{"start":{"line":14,"column":10},"end":{"line":14,"column":38}},"9":{"start":{"line":15,"column":10},"end":{"line":15,"column":118}},"10":{"start":{"line":18,"column":10},"end":{"line":22,"column":11}},"11":{"start":{"line":19,"column":12},"end":{"line":19,"column":72}},"12":{"start":{"line":21,"column":12},"end":{"line":21,"column":115}},"13":{"start":{"line":26,"column":4},"end":{"line":28,"column":7}},"14":{"start":{"line":27,"column":6},"end":{"line":27,"column":24}},"15":{"start":{"line":30,"column":4},"end":{"line":30,"column":22}}},"branchMap":{"1":{"line":18,"type":"if","locations":[{"start":{"line":18,"column":10},"end":{"line":18,"column":10}},{"start":{"line":18,"column":10},"end":{"line":18,"column":10}}]}}},"assets/js/controllers/EntryHomeController.js":{"path":"assets/js/controllers/EntryHomeController.js","s":{"1":1,"2":1,"3":1,"4":0,"5":0,"6":0,"7":0,"8":0,"9":0,"10":0,"11":0,"12":0,"13":0,"14":0,"15":0,"16":0,"17":0,"18":0,"19":0,"20":0,"21":0,"22":0,"23":0,"24":0,"25":0,"26":0,"27":0,"28":0,"29":1,"30":0,"31":0,"32":0,"33":1,"34":0,"35":0,"36":0,"37":1,"38":0,"39":0,"40":0,"41":0,"42":0,"43":0,"44":0,"45":0,"46":0,"47":0,"48":0,"49":0},"b":{"1":[0,0],"2":[0,0],"3":[0,0],"4":[0,0],"5":[0,0]},"f":{"1":1,"2":0,"3":0,"4":0,"5":0,"6":0,"7":0,"8":0,"9":0,"10":0,"11":0,"12":0,"13":0,"14":0,"15":0,"16":0,"17":0},"fnMap":{"1":{"name":"(anonymous_1)","line":1,"loc":{"start":{"line":1,"column":1},"end":{"line":1,"column":13}}},"2":{"name":"EntryHomeController","line":7,"loc":{"start":{"line":7,"column":2},"end":{"line":7,"column":106}}},"3":{"name":"(anonymous_3)","line":10,"loc":{"start":{"line":10,"column":22},"end":{"line":10,"column":40}}},"4":{"name":"(anonymous_4)","line":22,"loc":{"start":{"line":22,"column":14},"end":{"line":22,"column":26}}},"5":{"name":"(anonymous_5)","line":25,"loc":{"start":{"line":25,"column":15},"end":{"line":25,"column":27}}},"6":{"name":"(anonymous_6)","line":30,"loc":{"start":{"line":30,"column":12},"end":{"line":30,"column":28}}},"7":{"name":"(anonymous_7)","line":40,"loc":{"start":{"line":40,"column":20},"end":{"line":40,"column":32}}},"8":{"name":"(anonymous_8)","line":42,"loc":{"start":{"line":42,"column":14},"end":{"line":42,"column":34}}},"9":{"name":"(anonymous_9)","line":45,"loc":{"start":{"line":45,"column":15},"end":{"line":45,"column":30}}},"10":{"name":"(anonymous_10)","line":65,"loc":{"start":{"line":65,"column":31},"end":{"line":65,"column":53}}},"11":{"name":"refreshDebounce","line":79,"loc":{"start":{"line":79,"column":4},"end":{"line":79,"column":31}}},"12":{"name":"debounceSearch","line":85,"loc":{"start":{"line":85,"column":4},"end":{"line":85,"column":30}}},"13":{"name":"preformQuery","line":92,"loc":{"start":{"line":92,"column":4},"end":{"line":92,"column":28}}},"14":{"name":"(anonymous_14)","line":94,"loc":{"start":{"line":94,"column":14},"end":{"line":94,"column":34}}},"15":{"name":"(anonymous_15)","line":98,"loc":{"start":{"line":98,"column":15},"end":{"line":98,"column":30}}},"16":{"name":"(anonymous_16)","line":103,"loc":{"start":{"line":103,"column":15},"end":{"line":103,"column":32}}},"17":{"name":"(anonymous_17)","line":108,"loc":{"start":{"line":108,"column":27},"end":{"line":108,"column":54}}}},"statementMap":{"1":{"start":{"line":1,"column":0},"end":{"line":117,"column":5}},"2":{"start":{"line":4,"column":2},"end":{"line":5,"column":151}},"3":{"start":{"line":7,"column":2},"end":{"line":116,"column":3}},"4":{"start":{"line":8,"column":4},"end":{"line":8,"column":20}},"5":{"start":{"line":9,"column":4},"end":{"line":9,"column":18}},"6":{"start":{"line":10,"column":4},"end":{"line":28,"column":5}},"7":{"start":{"line":11,"column":6},"end":{"line":27,"column":11}},"8":{"start":{"line":30,"column":4},"end":{"line":32,"column":5}},"9":{"start":{"line":31,"column":6},"end":{"line":31,"column":27}},"10":{"start":{"line":38,"column":4},"end":{"line":38,"column":19}},"11":{"start":{"line":40,"column":4},"end":{"line":52,"column":5}},"12":{"start":{"line":41,"column":6},"end":{"line":51,"column":11}},"13":{"start":{"line":43,"column":10},"end":{"line":43,"column":36}},"14":{"start":{"line":46,"column":10},"end":{"line":50,"column":11}},"15":{"start":{"line":47,"column":12},"end":{"line":47,"column":72}},"16":{"start":{"line":49,"column":12},"end":{"line":49,"column":119}},"17":{"start":{"line":59,"column":4},"end":{"line":59,"column":20}},"18":{"start":{"line":61,"column":4},"end":{"line":61,"column":27}},"19":{"start":{"line":63,"column":4},"end":{"line":63,"column":19}},"20":{"start":{"line":65,"column":4},"end":{"line":74,"column":7}},"21":{"start":{"line":66,"column":6},"end":{"line":66,"column":33}},"22":{"start":{"line":67,"column":6},"end":{"line":73,"column":7}},"23":{"start":{"line":68,"column":8},"end":{"line":68,"column":24}},"24":{"start":{"line":69,"column":8},"end":{"line":69,"column":31}},"25":{"start":{"line":71,"column":8},"end":{"line":71,"column":30}},"26":{"start":{"line":72,"column":8},"end":{"line":72,"column":23}},"27":{"start":{"line":76,"column":4},"end":{"line":76,"column":51}},"28":{"start":{"line":77,"column":4},"end":{"line":77,"column":32}},"29":{"start":{"line":79,"column":4},"end":{"line":83,"column":5}},"30":{"start":{"line":80,"column":6},"end":{"line":80,"column":21}},"31":{"start":{"line":81,"column":6},"end":{"line":81,"column":27}},"32":{"start":{"line":82,"column":6},"end":{"line":82,"column":34}},"33":{"start":{"line":85,"column":4},"end":{"line":90,"column":5}},"34":{"start":{"line":86,"column":6},"end":{"line":86,"column":45}},"35":{"start":{"line":87,"column":6},"end":{"line":87,"column":37}},"36":{"start":{"line":89,"column":6},"end":{"line":89,"column":42}},"37":{"start":{"line":92,"column":4},"end":{"line":101,"column":5}},"38":{"start":{"line":93,"column":6},"end":{"line":100,"column":11}},"39":{"start":{"line":95,"column":10},"end":{"line":95,"column":37}},"40":{"start":{"line":96,"column":10},"end":{"line":96,"column":28}},"41":{"start":{"line":99,"column":10},"end":{"line":99,"column":27}},"42":{"start":{"line":103,"column":4},"end":{"line":113,"column":5}},"43":{"start":{"line":104,"column":6},"end":{"line":104,"column":26}},"44":{"start":{"line":105,"column":6},"end":{"line":112,"column":7}},"45":{"start":{"line":106,"column":8},"end":{"line":106,"column":23}},"46":{"start":{"line":108,"column":8},"end":{"line":111,"column":11}},"47":{"start":{"line":109,"column":10},"end":{"line":109,"column":32}},"48":{"start":{"line":110,"column":10},"end":{"line":110,"column":34}},"49":{"start":{"line":115,"column":4},"end":{"line":115,"column":20}}},"branchMap":{"1":{"line":46,"type":"if","locations":[{"start":{"line":46,"column":10},"end":{"line":46,"column":10}},{"start":{"line":46,"column":10},"end":{"line":46,"column":10}}]},"2":{"line":67,"type":"if","locations":[{"start":{"line":67,"column":6},"end":{"line":67,"column":6}},{"start":{"line":67,"column":6},"end":{"line":67,"column":6}}]},"3":{"line":87,"type":"binary-expr","locations":[{"start":{"line":87,"column":19},"end":{"line":87,"column":29}},{"start":{"line":87,"column":33},"end":{"line":87,"column":36}}]},"4":{"line":105,"type":"if","locations":[{"start":{"line":105,"column":6},"end":{"line":105,"column":6}},{"start":{"line":105,"column":6},"end":{"line":105,"column":6}}]},"5":{"line":105,"type":"binary-expr","locations":[{"start":{"line":105,"column":10},"end":{"line":105,"column":24}},{"start":{"line":105,"column":28},"end":{"line":105,"column":45}}]}}},"assets/js/controllers/MainController.js":{"path":"assets/js/controllers/MainController.js","s":{"1":1,"2":1,"3":1,"4":1,"5":0,"6":0,"7":0,"8":0,"9":0,"10":0,"11":0,"12":0,"13":0,"14":0,"15":0,"16":0,"17":0,"18":0,"19":0,"20":0,"21":0,"22":0,"23":0,"24":0,"25":0,"26":0,"27":0,"28":0,"29":0,"30":0,"31":0,"32":0,"33":0,"34":0,"35":0,"36":0,"37":0,"38":0,"39":0,"40":0,"41":0,"42":0,"43":0,"44":0,"45":0,"46":0,"47":0,"48":0,"49":0,"50":0,"51":0,"52":0,"53":0,"54":0,"55":0,"56":0,"57":0,"58":0,"59":0,"60":0,"61":0,"62":0,"63":0,"64":0,"65":0},"b":{"1":[0,0],"2":[0,0],"3":[0,0],"4":[0,0],"5":[0,0],"6":[0,0],"7":[0,0],"8":[0,0,0,0,0,0,0],"9":[0,0],"10":[0,0],"11":[0,0]},"f":{"1":1,"2":0,"3":0,"4":0,"5":0,"6":0,"7":0,"8":0,"9":0,"10":0,"11":0,"12":0,"13":0,"14":0,"15":0,"16":0,"17":0,"18":0},"fnMap":{"1":{"name":"(anonymous_1)","line":1,"loc":{"start":{"line":1,"column":1},"end":{"line":1,"column":13}}},"2":{"name":"MainController","line":9,"loc":{"start":{"line":9,"column":1},"end":{"line":9,"column":134}}},"3":{"name":"(anonymous_3)","line":15,"loc":{"start":{"line":15,"column":15},"end":{"line":15,"column":27}}},"4":{"name":"(anonymous_4)","line":17,"loc":{"start":{"line":17,"column":9},"end":{"line":17,"column":28}}},"5":{"name":"(anonymous_5)","line":26,"loc":{"start":{"line":26,"column":21},"end":{"line":26,"column":60}}},"6":{"name":"(anonymous_6)","line":27,"loc":{"start":{"line":27,"column":56},"end":{"line":27,"column":77}}},"7":{"name":"(anonymous_7)","line":39,"loc":{"start":{"line":39,"column":16},"end":{"line":39,"column":28}}},"8":{"name":"(anonymous_8)","line":41,"loc":{"start":{"line":41,"column":5},"end":{"line":41,"column":28}}},"9":{"name":"(anonymous_9)","line":48,"loc":{"start":{"line":48,"column":30},"end":{"line":48,"column":53}}},"10":{"name":"(anonymous_10)","line":66,"loc":{"start":{"line":66,"column":35},"end":{"line":66,"column":52}}},"11":{"name":"(anonymous_11)","line":73,"loc":{"start":{"line":73,"column":34},"end":{"line":73,"column":56}}},"12":{"name":"(anonymous_12)","line":80,"loc":{"start":{"line":80,"column":36},"end":{"line":80,"column":59}}},"13":{"name":"(anonymous_13)","line":94,"loc":{"start":{"line":94,"column":40},"end":{"line":94,"column":68}}},"14":{"name":"(anonymous_14)","line":104,"loc":{"start":{"line":104,"column":11},"end":{"line":104,"column":30}}},"15":{"name":"(anonymous_15)","line":109,"loc":{"start":{"line":109,"column":12},"end":{"line":109,"column":26}}},"16":{"name":"(anonymous_16)","line":125,"loc":{"start":{"line":125,"column":11},"end":{"line":125,"column":30}}},"17":{"name":"(anonymous_17)","line":129,"loc":{"start":{"line":129,"column":12},"end":{"line":129,"column":26}}},"18":{"name":"(anonymous_18)","line":145,"loc":{"start":{"line":145,"column":31},"end":{"line":145,"column":47}}}},"statementMap":{"1":{"start":{"line":1,"column":0},"end":{"line":151,"column":5}},"2":{"start":{"line":4,"column":2},"end":{"line":5,"column":50}},"3":{"start":{"line":7,"column":1},"end":{"line":7,"column":156}},"4":{"start":{"line":9,"column":1},"end":{"line":149,"column":3}},"5":{"start":{"line":10,"column":2},"end":{"line":10,"column":16}},"6":{"start":{"line":15,"column":2},"end":{"line":21,"column":4}},"7":{"start":{"line":16,"column":3},"end":{"line":20,"column":5}},"8":{"start":{"line":18,"column":4},"end":{"line":18,"column":28}},"9":{"start":{"line":19,"column":4},"end":{"line":19,"column":43}},"10":{"start":{"line":26,"column":2},"end":{"line":34,"column":3}},"11":{"start":{"line":27,"column":3},"end":{"line":33,"column":6}},"12":{"start":{"line":28,"column":4},"end":{"line":31,"column":5}},"13":{"start":{"line":29,"column":5},"end":{"line":29,"column":24}},"14":{"start":{"line":30,"column":5},"end":{"line":30,"column":21}},"15":{"start":{"line":32,"column":4},"end":{"line":32,"column":22}},"16":{"start":{"line":39,"column":2},"end":{"line":43,"column":5}},"17":{"start":{"line":40,"column":3},"end":{"line":40,"column":28}},"18":{"start":{"line":42,"column":3},"end":{"line":42,"column":35}},"19":{"start":{"line":48,"column":2},"end":{"line":61,"column":5}},"20":{"start":{"line":49,"column":3},"end":{"line":53,"column":4}},"21":{"start":{"line":50,"column":4},"end":{"line":50,"column":27}},"22":{"start":{"line":51,"column":10},"end":{"line":53,"column":4}},"23":{"start":{"line":52,"column":4},"end":{"line":52,"column":22}},"24":{"start":{"line":54,"column":3},"end":{"line":60,"column":4}},"25":{"start":{"line":55,"column":4},"end":{"line":55,"column":28}},"26":{"start":{"line":56,"column":10},"end":{"line":60,"column":4}},"27":{"start":{"line":57,"column":4},"end":{"line":57,"column":20}},"28":{"start":{"line":59,"column":4},"end":{"line":59,"column":45}},"29":{"start":{"line":66,"column":2},"end":{"line":68,"column":5}},"30":{"start":{"line":67,"column":3},"end":{"line":67,"column":18}},"31":{"start":{"line":73,"column":2},"end":{"line":75,"column":5}},"32":{"start":{"line":74,"column":3},"end":{"line":74,"column":18}},"33":{"start":{"line":80,"column":2},"end":{"line":85,"column":5}},"34":{"start":{"line":81,"column":3},"end":{"line":84,"column":17}},"35":{"start":{"line":82,"column":4},"end":{"line":82,"column":19}},"36":{"start":{"line":84,"column":4},"end":{"line":84,"column":17}},"37":{"start":{"line":94,"column":2},"end":{"line":142,"column":5}},"38":{"start":{"line":95,"column":3},"end":{"line":141,"column":4}},"39":{"start":{"line":97,"column":4},"end":{"line":97,"column":61}},"40":{"start":{"line":98,"column":4},"end":{"line":98,"column":10}},"41":{"start":{"line":100,"column":4},"end":{"line":112,"column":5}},"42":{"start":{"line":101,"column":5},"end":{"line":101,"column":68}},"43":{"start":{"line":103,"column":5},"end":{"line":111,"column":8}},"44":{"start":{"line":105,"column":6},"end":{"line":105,"column":85}},"45":{"start":{"line":105,"column":28},"end":{"line":105,"column":83}},"46":{"start":{"line":106,"column":6},"end":{"line":106,"column":30}},"47":{"start":{"line":107,"column":6},"end":{"line":107,"column":69}},"48":{"start":{"line":110,"column":6},"end":{"line":110,"column":50}},"49":{"start":{"line":113,"column":4},"end":{"line":113,"column":10}},"50":{"start":{"line":116,"column":4},"end":{"line":116,"column":10}},"51":{"start":{"line":119,"column":4},"end":{"line":119,"column":10}},"52":{"start":{"line":121,"column":4},"end":{"line":132,"column":5}},"53":{"start":{"line":122,"column":5},"end":{"line":122,"column":67}},"54":{"start":{"line":124,"column":5},"end":{"line":131,"column":8}},"55":{"start":{"line":126,"column":6},"end":{"line":126,"column":30}},"56":{"start":{"line":127,"column":6},"end":{"line":127,"column":68}},"57":{"start":{"line":130,"column":6},"end":{"line":130,"column":50}},"58":{"start":{"line":133,"column":4},"end":{"line":133,"column":10}},"59":{"start":{"line":135,"column":4},"end":{"line":135,"column":35}},"60":{"start":{"line":137,"column":4},"end":{"line":137,"column":10}},"61":{"start":{"line":139,"column":4},"end":{"line":139,"column":17}},"62":{"start":{"line":140,"column":4},"end":{"line":140,"column":10}},"63":{"start":{"line":144,"column":2},"end":{"line":144,"column":15}},"64":{"start":{"line":145,"column":2},"end":{"line":147,"column":5}},"65":{"start":{"line":146,"column":3},"end":{"line":146,"column":27}}},"branchMap":{"1":{"line":28,"type":"if","locations":[{"start":{"line":28,"column":4},"end":{"line":28,"column":4}},{"start":{"line":28,"column":4},"end":{"line":28,"column":4}}]},"2":{"line":49,"type":"if","locations":[{"start":{"line":49,"column":3},"end":{"line":49,"column":3}},{"start":{"line":49,"column":3},"end":{"line":49,"column":3}}]},"3":{"line":49,"type":"binary-expr","locations":[{"start":{"line":49,"column":7},"end":{"line":49,"column":16}},{"start":{"line":49,"column":20},"end":{"line":49,"column":35}}]},"4":{"line":51,"type":"if","locations":[{"start":{"line":51,"column":10},"end":{"line":51,"column":10}},{"start":{"line":51,"column":10},"end":{"line":51,"column":10}}]},"5":{"line":54,"type":"if","locations":[{"start":{"line":54,"column":3},"end":{"line":54,"column":3}},{"start":{"line":54,"column":3},"end":{"line":54,"column":3}}]},"6":{"line":56,"type":"if","locations":[{"start":{"line":56,"column":10},"end":{"line":56,"column":10}},{"start":{"line":56,"column":10},"end":{"line":56,"column":10}}]},"7":{"line":81,"type":"if","locations":[{"start":{"line":81,"column":3},"end":{"line":81,"column":3}},{"start":{"line":81,"column":3},"end":{"line":81,"column":3}}]},"8":{"line":95,"type":"switch","locations":[{"start":{"line":96,"column":4},"end":{"line":98,"column":10}},{"start":{"line":99,"column":4},"end":{"line":113,"column":10}},{"start":{"line":114,"column":4},"end":{"line":116,"column":10}},{"start":{"line":117,"column":4},"end":{"line":119,"column":10}},{"start":{"line":120,"column":4},"end":{"line":133,"column":10}},{"start":{"line":134,"column":4},"end":{"line":137,"column":10}},{"start":{"line":138,"column":4},"end":{"line":140,"column":10}}]},"9":{"line":100,"type":"if","locations":[{"start":{"line":100,"column":4},"end":{"line":100,"column":4}},{"start":{"line":100,"column":4},"end":{"line":100,"column":4}}]},"10":{"line":105,"type":"if","locations":[{"start":{"line":105,"column":6},"end":{"line":105,"column":6}},{"start":{"line":105,"column":6},"end":{"line":105,"column":6}}]},"11":{"line":121,"type":"if","locations":[{"start":{"line":121,"column":4},"end":{"line":121,"column":4}},{"start":{"line":121,"column":4},"end":{"line":121,"column":4}}]}}},"assets/js/controllers/NavController.js":{"path":"assets/js/controllers/NavController.js","s":{"1":1,"2":1,"3":1,"4":1,"5":1,"6":1,"7":1,"8":0,"9":0,"10":1,"11":0,"12":1,"13":0,"14":0,"15":0,"16":1,"17":0,"18":1,"19":2,"20":2,"21":2,"22":1,"23":1,"24":0,"25":0,"26":0,"27":0,"28":0,"29":0,"30":0,"31":0,"32":0,"33":0,"34":0,"35":0,"36":0,"37":0,"38":0,"39":0,"40":1,"41":1,"42":1,"43":0,"44":1,"45":1},"b":{"1":[0,0],"2":[1,0,0,0,0,0,0,0,0,1]},"f":{"1":1,"2":1,"3":0,"4":0,"5":0,"6":0,"7":2,"8":0},"fnMap":{"1":{"name":"(anonymous_1)","line":1,"loc":{"start":{"line":1,"column":1},"end":{"line":1,"column":13}}},"2":{"name":"NavController","line":8,"loc":{"start":{"line":8,"column":1},"end":{"line":8,"column":92}}},"3":{"name":"(anonymous_3)","line":15,"loc":{"start":{"line":15,"column":16},"end":{"line":15,"column":47}}},"4":{"name":"(anonymous_4)","line":23,"loc":{"start":{"line":23,"column":21},"end":{"line":23,"column":33}}},"5":{"name":"(anonymous_5)","line":30,"loc":{"start":{"line":30,"column":39},"end":{"line":30,"column":62}}},"6":{"name":"(anonymous_6)","line":41,"loc":{"start":{"line":41,"column":14},"end":{"line":41,"column":26}}},"7":{"name":"(anonymous_7)","line":49,"loc":{"start":{"line":49,"column":18},"end":{"line":49,"column":32}}},"8":{"name":"(anonymous_8)","line":86,"loc":{"start":{"line":86,"column":41},"end":{"line":86,"column":74}}}},"statementMap":{"1":{"start":{"line":1,"column":0},"end":{"line":94,"column":5}},"2":{"start":{"line":4,"column":2},"end":{"line":5,"column":48}},"3":{"start":{"line":7,"column":1},"end":{"line":7,"column":105}},"4":{"start":{"line":8,"column":1},"end":{"line":93,"column":3}},"5":{"start":{"line":9,"column":2},"end":{"line":9,"column":16}},"6":{"start":{"line":10,"column":2},"end":{"line":10,"column":19}},"7":{"start":{"line":15,"column":2},"end":{"line":18,"column":3}},"8":{"start":{"line":16,"column":3},"end":{"line":16,"column":25}},"9":{"start":{"line":17,"column":3},"end":{"line":17,"column":23}},"10":{"start":{"line":23,"column":2},"end":{"line":25,"column":3}},"11":{"start":{"line":24,"column":3},"end":{"line":24,"column":52}},"12":{"start":{"line":30,"column":2},"end":{"line":36,"column":5}},"13":{"start":{"line":31,"column":3},"end":{"line":35,"column":4}},"14":{"start":{"line":32,"column":4},"end":{"line":32,"column":33}},"15":{"start":{"line":34,"column":4},"end":{"line":34,"column":29}},"16":{"start":{"line":41,"column":2},"end":{"line":43,"column":3}},"17":{"start":{"line":42,"column":3},"end":{"line":42,"column":25}},"18":{"start":{"line":49,"column":4},"end":{"line":84,"column":5}},"19":{"start":{"line":50,"column":6},"end":{"line":50,"column":26}},"20":{"start":{"line":51,"column":6},"end":{"line":51,"column":32}},"21":{"start":{"line":52,"column":6},"end":{"line":83,"column":7}},"22":{"start":{"line":54,"column":10},"end":{"line":54,"column":28}},"23":{"start":{"line":55,"column":10},"end":{"line":55,"column":16}},"24":{"start":{"line":57,"column":10},"end":{"line":57,"column":32}},"25":{"start":{"line":58,"column":10},"end":{"line":58,"column":16}},"26":{"start":{"line":60,"column":10},"end":{"line":60,"column":33}},"27":{"start":{"line":61,"column":10},"end":{"line":61,"column":16}},"28":{"start":{"line":63,"column":10},"end":{"line":63,"column":29}},"29":{"start":{"line":64,"column":10},"end":{"line":64,"column":16}},"30":{"start":{"line":66,"column":10},"end":{"line":66,"column":29}},"31":{"start":{"line":67,"column":10},"end":{"line":67,"column":16}},"32":{"start":{"line":69,"column":10},"end":{"line":69,"column":38}},"33":{"start":{"line":70,"column":10},"end":{"line":70,"column":16}},"34":{"start":{"line":72,"column":10},"end":{"line":72,"column":42}},"35":{"start":{"line":73,"column":10},"end":{"line":73,"column":16}},"36":{"start":{"line":75,"column":10},"end":{"line":75,"column":35}},"37":{"start":{"line":76,"column":10},"end":{"line":76,"column":16}},"38":{"start":{"line":78,"column":10},"end":{"line":78,"column":35}},"39":{"start":{"line":79,"column":10},"end":{"line":79,"column":16}},"40":{"start":{"line":81,"column":10},"end":{"line":81,"column":37}},"41":{"start":{"line":82,"column":10},"end":{"line":82,"column":16}},"42":{"start":{"line":86,"column":4},"end":{"line":88,"column":7}},"43":{"start":{"line":87,"column":6},"end":{"line":87,"column":26}},"44":{"start":{"line":91,"column":4},"end":{"line":91,"column":33}},"45":{"start":{"line":92,"column":4},"end":{"line":92,"column":19}}},"branchMap":{"1":{"line":31,"type":"if","locations":[{"start":{"line":31,"column":3},"end":{"line":31,"column":3}},{"start":{"line":31,"column":3},"end":{"line":31,"column":3}}]},"2":{"line":52,"type":"switch","locations":[{"start":{"line":53,"column":8},"end":{"line":55,"column":16}},{"start":{"line":56,"column":8},"end":{"line":58,"column":16}},{"start":{"line":59,"column":8},"end":{"line":61,"column":16}},{"start":{"line":62,"column":8},"end":{"line":64,"column":16}},{"start":{"line":65,"column":8},"end":{"line":67,"column":16}},{"start":{"line":68,"column":8},"end":{"line":70,"column":16}},{"start":{"line":71,"column":8},"end":{"line":73,"column":16}},{"start":{"line":74,"column":8},"end":{"line":76,"column":16}},{"start":{"line":77,"column":8},"end":{"line":79,"column":16}},{"start":{"line":80,"column":8},"end":{"line":82,"column":16}}]}}},"assets/js/controllers/ProfileController.js":{"path":"assets/js/controllers/ProfileController.js","s":{"1":1,"2":1,"3":1,"4":0,"5":0,"6":0,"7":0,"8":0,"9":0,"10":0,"11":0,"12":0,"13":0,"14":0},"b":{"1":[0,0]},"f":{"1":1,"2":0,"3":0,"4":0,"5":0},"fnMap":{"1":{"name":"(anonymous_1)","line":1,"loc":{"start":{"line":1,"column":1},"end":{"line":1,"column":13}}},"2":{"name":"ProfileController","line":7,"loc":{"start":{"line":7,"column":2},"end":{"line":7,"column":66}}},"3":{"name":"(anonymous_3)","line":12,"loc":{"start":{"line":12,"column":14},"end":{"line":12,"column":26}}},"4":{"name":"(anonymous_4)","line":14,"loc":{"start":{"line":14,"column":14},"end":{"line":14,"column":30}}},"5":{"name":"(anonymous_5)","line":19,"loc":{"start":{"line":19,"column":15},"end":{"line":19,"column":30}}}},"statementMap":{"1":{"start":{"line":1,"column":0},"end":{"line":29,"column":5}},"2":{"start":{"line":4,"column":2},"end":{"line":5,"column":111}},"3":{"start":{"line":7,"column":2},"end":{"line":28,"column":3}},"4":{"start":{"line":8,"column":4},"end":{"line":8,"column":18}},"5":{"start":{"line":9,"column":4},"end":{"line":9,"column":25}},"6":{"start":{"line":10,"column":4},"end":{"line":10,"column":19}},"7":{"start":{"line":12,"column":4},"end":{"line":26,"column":5}},"8":{"start":{"line":13,"column":6},"end":{"line":25,"column":11}},"9":{"start":{"line":15,"column":10},"end":{"line":15,"column":29}},"10":{"start":{"line":16,"column":10},"end":{"line":16,"column":31}},"11":{"start":{"line":17,"column":10},"end":{"line":17,"column":52}},"12":{"start":{"line":20,"column":10},"end":{"line":24,"column":11}},"13":{"start":{"line":21,"column":12},"end":{"line":21,"column":72}},"14":{"start":{"line":23,"column":12},"end":{"line":23,"column":114}}},"branchMap":{"1":{"line":20,"type":"if","locations":[{"start":{"line":20,"column":10},"end":{"line":20,"column":10}},{"start":{"line":20,"column":10},"end":{"line":20,"column":10}}]}}},"assets/js/controllers/QuestionController.js":{"path":"assets/js/controllers/QuestionController.js","s":{"1":1,"2":1,"3":1,"4":0,"5":0,"6":0,"7":0,"8":0,"9":0,"10":0,"11":0,"12":0,"13":0,"14":0,"15":0,"16":0,"17":0,"18":0,"19":0,"20":0,"21":0,"22":0,"23":0,"24":0,"25":0,"26":0,"27":0,"28":0,"29":0,"30":0,"31":0,"32":0,"33":0,"34":0,"35":0,"36":0,"37":0,"38":0,"39":0,"40":0,"41":0},"b":{"1":[0,0],"2":[0,0],"3":[0,0],"4":[0,0],"5":[0,0],"6":[0,0],"7":[0,0]},"f":{"1":1,"2":0,"3":0,"4":0,"5":0,"6":0,"7":0,"8":0,"9":0,"10":0,"11":0,"12":0,"13":0,"14":0,"15":0,"16":0,"17":0,"18":0},"fnMap":{"1":{"name":"(anonymous_1)","line":1,"loc":{"start":{"line":1,"column":1},"end":{"line":1,"column":13}}},"2":{"name":"QuestionController","line":7,"loc":{"start":{"line":7,"column":2},"end":{"line":7,"column":87}}},"3":{"name":"(anonymous_3)","line":12,"loc":{"start":{"line":12,"column":31},"end":{"line":12,"column":60}}},"4":{"name":"(anonymous_4)","line":20,"loc":{"start":{"line":20,"column":18},"end":{"line":20,"column":30}}},"5":{"name":"(anonymous_5)","line":22,"loc":{"start":{"line":22,"column":14},"end":{"line":22,"column":34}}},"6":{"name":"(anonymous_6)","line":29,"loc":{"start":{"line":29,"column":15},"end":{"line":29,"column":30}}},"7":{"name":"(anonymous_7)","line":38,"loc":{"start":{"line":38,"column":20},"end":{"line":38,"column":32}}},"8":{"name":"(anonymous_8)","line":50,"loc":{"start":{"line":50,"column":14},"end":{"line":50,"column":26}}},"9":{"name":"(anonymous_9)","line":53,"loc":{"start":{"line":53,"column":15},"end":{"line":53,"column":27}}},"10":{"name":"(anonymous_10)","line":58,"loc":{"start":{"line":58,"column":20},"end":{"line":58,"column":31}}},"11":{"name":"(anonymous_11)","line":60,"loc":{"start":{"line":60,"column":12},"end":{"line":60,"column":31}}},"12":{"name":"(anonymous_12)","line":64,"loc":{"start":{"line":64,"column":13},"end":{"line":64,"column":27}}},"13":{"name":"(anonymous_13)","line":73,"loc":{"start":{"line":73,"column":22},"end":{"line":73,"column":33}}},"14":{"name":"(anonymous_14)","line":75,"loc":{"start":{"line":75,"column":12},"end":{"line":75,"column":31}}},"15":{"name":"(anonymous_15)","line":79,"loc":{"start":{"line":79,"column":13},"end":{"line":79,"column":27}}},"16":{"name":"(anonymous_16)","line":88,"loc":{"start":{"line":88,"column":21},"end":{"line":88,"column":33}}},"17":{"name":"(anonymous_17)","line":100,"loc":{"start":{"line":100,"column":14},"end":{"line":100,"column":26}}},"18":{"name":"(anonymous_18)","line":103,"loc":{"start":{"line":103,"column":15},"end":{"line":103,"column":27}}}},"statementMap":{"1":{"start":{"line":1,"column":0},"end":{"line":108,"column":5}},"2":{"start":{"line":4,"column":2},"end":{"line":5,"column":127}},"3":{"start":{"line":7,"column":2},"end":{"line":107,"column":3}},"4":{"start":{"line":8,"column":4},"end":{"line":8,"column":45}},"5":{"start":{"line":8,"column":22},"end":{"line":8,"column":45}},"6":{"start":{"line":10,"column":4},"end":{"line":10,"column":29}},"7":{"start":{"line":12,"column":4},"end":{"line":18,"column":7}},"8":{"start":{"line":13,"column":6},"end":{"line":17,"column":7}},"9":{"start":{"line":14,"column":8},"end":{"line":14,"column":54}},"10":{"start":{"line":15,"column":13},"end":{"line":17,"column":7}},"11":{"start":{"line":16,"column":8},"end":{"line":16,"column":40}},"12":{"start":{"line":20,"column":4},"end":{"line":36,"column":5}},"13":{"start":{"line":21,"column":6},"end":{"line":35,"column":11}},"14":{"start":{"line":23,"column":10},"end":{"line":23,"column":41}},"15":{"start":{"line":24,"column":10},"end":{"line":24,"column":39}},"16":{"start":{"line":25,"column":10},"end":{"line":25,"column":37}},"17":{"start":{"line":26,"column":10},"end":{"line":26,"column":35}},"18":{"start":{"line":27,"column":10},"end":{"line":27,"column":55}},"19":{"start":{"line":30,"column":10},"end":{"line":34,"column":11}},"20":{"start":{"line":31,"column":12},"end":{"line":31,"column":72}},"21":{"start":{"line":33,"column":12},"end":{"line":33,"column":115}},"22":{"start":{"line":38,"column":4},"end":{"line":56,"column":5}},"23":{"start":{"line":39,"column":6},"end":{"line":55,"column":11}},"24":{"start":{"line":51,"column":10},"end":{"line":51,"column":55}},"25":{"start":{"line":58,"column":4},"end":{"line":71,"column":5}},"26":{"start":{"line":59,"column":6},"end":{"line":70,"column":9}},"27":{"start":{"line":61,"column":8},"end":{"line":61,"column":33}},"28":{"start":{"line":62,"column":8},"end":{"line":62,"column":103}},"29":{"start":{"line":65,"column":8},"end":{"line":69,"column":9}},"30":{"start":{"line":66,"column":10},"end":{"line":66,"column":70}},"31":{"start":{"line":68,"column":10},"end":{"line":68,"column":130}},"32":{"start":{"line":73,"column":4},"end":{"line":86,"column":5}},"33":{"start":{"line":74,"column":6},"end":{"line":85,"column":9}},"34":{"start":{"line":76,"column":8},"end":{"line":76,"column":33}},"35":{"start":{"line":77,"column":8},"end":{"line":77,"column":103}},"36":{"start":{"line":80,"column":8},"end":{"line":84,"column":9}},"37":{"start":{"line":81,"column":10},"end":{"line":81,"column":70}},"38":{"start":{"line":83,"column":10},"end":{"line":83,"column":132}},"39":{"start":{"line":88,"column":4},"end":{"line":106,"column":5}},"40":{"start":{"line":89,"column":6},"end":{"line":105,"column":11}},"41":{"start":{"line":101,"column":10},"end":{"line":101,"column":55}}},"branchMap":{"1":{"line":8,"type":"if","locations":[{"start":{"line":8,"column":4},"end":{"line":8,"column":4}},{"start":{"line":8,"column":4},"end":{"line":8,"column":4}}]},"2":{"line":13,"type":"if","locations":[{"start":{"line":13,"column":6},"end":{"line":13,"column":6}},{"start":{"line":13,"column":6},"end":{"line":13,"column":6}}]},"3":{"line":15,"type":"if","locations":[{"start":{"line":15,"column":13},"end":{"line":15,"column":13}},{"start":{"line":15,"column":13},"end":{"line":15,"column":13}}]},"4":{"line":15,"type":"binary-expr","locations":[{"start":{"line":15,"column":17},"end":{"line":15,"column":33}},{"start":{"line":15,"column":37},"end":{"line":15,"column":57}}]},"5":{"line":30,"type":"if","locations":[{"start":{"line":30,"column":10},"end":{"line":30,"column":10}},{"start":{"line":30,"column":10},"end":{"line":30,"column":10}}]},"6":{"line":65,"type":"if","locations":[{"start":{"line":65,"column":8},"end":{"line":65,"column":8}},{"start":{"line":65,"column":8},"end":{"line":65,"column":8}}]},"7":{"line":80,"type":"if","locations":[{"start":{"line":80,"column":8},"end":{"line":80,"column":8}},{"start":{"line":80,"column":8},"end":{"line":80,"column":8}}]}}},"assets/js/controllers/SettingsController.js":{"path":"assets/js/controllers/SettingsController.js","s":{"1":1,"2":1,"3":1,"4":1,"5":0},"b":{},"f":{"1":1,"2":0},"fnMap":{"1":{"name":"(anonymous_1)","line":1,"loc":{"start":{"line":1,"column":1},"end":{"line":1,"column":12}}},"2":{"name":"SettingsController","line":9,"loc":{"start":{"line":9,"column":1},"end":{"line":9,"column":37}}}},"statementMap":{"1":{"start":{"line":1,"column":0},"end":{"line":13,"column":5}},"2":{"start":{"line":4,"column":1},"end":{"line":5,"column":55}},"3":{"start":{"line":7,"column":1},"end":{"line":7,"column":41}},"4":{"start":{"line":9,"column":1},"end":{"line":11,"column":2}},"5":{"start":{"line":10,"column":2},"end":{"line":10,"column":16}}},"branchMap":{}},"assets/js/dependencies/sails.io.js":{"path":"assets/js/dependencies/sails.io.js","s":{"1":1,"2":1,"3":0,"4":1,"5":0,"6":1,"7":1,"8":1,"9":1,"10":1,"11":88,"12":51,"13":0,"14":0,"15":0,"16":0,"17":0,"18":0,"19":0,"20":51,"21":51,"22":86,"23":86,"24":88,"25":1,"26":1,"27":1,"28":1,"29":1,"30":1,"31":1,"32":2,"33":1,"34":1,"35":1,"36":1,"37":1,"38":1,"39":1,"40":3,"41":1,"42":1,"43":1,"44":1,"45":1,"46":1,"47":1,"48":1,"49":1,"50":1,"51":0,"52":1,"53":0,"54":0,"55":0,"56":1,"57":1,"58":1,"59":1,"60":0,"61":1,"62":1,"63":1,"64":1,"65":0,"66":0,"67":0,"68":0,"69":1,"70":0,"71":0,"72":0,"73":0,"74":0,"75":0,"76":0,"77":0,"78":0,"79":0,"80":0,"81":0,"82":0,"83":1,"84":0,"85":1,"86":0,"87":0,"88":1,"89":0,"90":1,"91":0,"92":1,"93":0,"94":1,"95":0,"96":0,"97":0,"98":0,"99":0,"100":0,"101":0,"102":0,"103":0,"104":0,"105":0,"106":0,"107":0,"108":0,"109":0,"110":0,"111":0,"112":0,"113":0,"114":0,"115":0,"116":0,"117":0,"118":0,"119":0,"120":0,"121":0,"122":0,"123":0,"124":0,"125":0,"126":0,"127":0,"128":0,"129":0,"130":0,"131":0,"132":1,"133":0,"134":1,"135":0,"136":1,"137":0,"138":0,"139":0,"140":0,"141":0,"142":0,"143":0,"144":0,"145":0,"146":0,"147":0,"148":0,"149":0,"150":0,"151":0,"152":1,"153":1,"154":1,"155":1,"156":0,"157":0,"158":1,"159":0,"160":0,"161":0,"162":0,"163":0,"164":0,"165":0,"166":0,"167":0,"168":1,"169":1,"170":1,"171":1,"172":1,"173":1,"174":1,"175":1,"176":0,"177":0,"178":0,"179":1,"180":1,"181":1,"182":1,"183":1,"184":0,"185":0,"186":0,"187":0,"188":0,"189":1,"190":1,"191":1,"192":1,"193":0,"194":0,"195":0,"196":0,"197":0,"198":0,"199":0,"200":0,"201":0,"202":0,"203":1,"204":0,"205":1,"206":0,"207":0,"208":0,"209":0,"210":0,"211":0,"212":0,"213":0,"214":0,"215":0,"216":0,"217":0,"218":0,"219":0,"220":0,"221":0,"222":0,"223":0,"224":1,"225":1,"226":1,"227":1,"228":1,"229":1,"230":0,"231":1,"232":1,"233":1,"234":0,"235":0,"236":1,"237":1,"238":1,"239":0,"240":0,"241":0,"242":1,"243":1,"244":1,"245":0,"246":0,"247":1,"248":1,"249":1,"250":1,"251":1,"252":1,"253":1,"254":0,"255":0,"256":0,"257":1,"258":0,"259":0,"260":1,"261":0,"262":0,"263":1,"264":0,"265":1,"266":0,"267":0,"268":0,"269":0,"270":0,"271":0,"272":0,"273":0,"274":0,"275":0,"276":0,"277":0,"278":0,"279":0,"280":0,"281":0,"282":0,"283":0,"284":0,"285":0,"286":0,"287":0,"288":0,"289":0,"290":0,"291":0,"292":1,"293":0,"294":1,"295":1,"296":1,"297":1,"298":1,"299":1,"300":1,"301":1,"302":1,"303":1,"304":1,"305":0,"306":0,"307":0,"308":0,"309":0,"310":0,"311":0,"312":0,"313":1,"314":0,"315":0,"316":0,"317":0,"318":0,"319":1,"320":0,"321":0,"322":0,"323":0,"324":0,"325":0,"326":0,"327":0,"328":0,"329":1,"330":1,"331":1,"332":1,"333":1,"334":1,"335":0,"336":0,"337":1,"338":1,"339":0,"340":0,"341":0,"342":0,"343":0,"344":0,"345":0,"346":0,"347":0,"348":0,"349":0,"350":0,"351":1,"352":0,"353":0,"354":0,"355":0,"356":0,"357":0,"358":0,"359":0,"360":0,"361":0,"362":0,"363":0,"364":0,"365":0,"366":0,"367":0,"368":0,"369":0,"370":0,"371":0,"372":0,"373":0,"374":0,"375":1,"376":1,"377":3,"378":3,"379":3,"380":3,"381":0,"382":0,"383":0,"384":0,"385":0,"386":0,"387":1,"388":1,"389":0,"390":0,"391":0,"392":0,"393":0,"394":1,"395":1,"396":1,"397":0,"398":0,"399":0,"400":0,"401":0,"402":0,"403":0,"404":0,"405":1,"406":1,"407":0,"408":0,"409":0,"410":0,"411":0,"412":0,"413":0,"414":0,"415":0,"416":0,"417":1,"418":1,"419":0,"420":0,"421":0,"422":0,"423":0,"424":0,"425":0,"426":0,"427":1,"428":0,"429":0,"430":0,"431":0,"432":0,"433":0,"434":1,"435":0,"436":1,"437":1,"438":1,"439":1,"440":0,"441":1,"442":1,"443":1,"444":0,"445":1,"446":1,"447":1,"448":4,"449":1,"450":4,"451":40,"452":4,"453":2,"454":8,"455":1,"456":0,"457":0,"458":0,"459":0,"460":0,"461":0,"462":0,"463":0,"464":0,"465":0,"466":0,"467":0,"468":0,"469":0,"470":0,"471":1,"472":1,"473":1,"474":0,"475":0,"476":0,"477":1,"478":0,"479":0,"480":1,"481":4,"482":4,"483":1,"484":0,"485":1,"486":0,"487":0,"488":0,"489":0,"490":0,"491":0,"492":0,"493":0,"494":1,"495":0,"496":1,"497":2,"498":2,"499":1,"500":2,"501":2,"502":2,"503":2,"504":1,"505":2,"506":2,"507":2,"508":0,"509":1,"510":0,"511":1,"512":1,"513":1,"514":0,"515":0,"516":0,"517":0,"518":0,"519":0,"520":0,"521":0,"522":0,"523":0,"524":0,"525":0,"526":0,"527":0,"528":0,"529":0,"530":9,"531":9,"532":9,"533":1,"534":2,"535":2,"536":2,"537":1,"538":0,"539":1,"540":9,"541":9,"542":0,"543":0,"544":9,"545":0,"546":0,"547":9,"548":1,"549":0,"550":2,"551":2,"552":1,"553":1,"554":0,"555":0,"556":1,"557":0,"558":0,"559":0,"560":0,"561":0,"562":0,"563":0,"564":1,"565":0,"566":0,"567":0,"568":0,"569":0,"570":1,"571":0,"572":0,"573":0,"574":0,"575":0,"576":0,"577":0,"578":0,"579":1,"580":0,"581":0,"582":1,"583":1,"584":1,"585":1,"586":0,"587":0,"588":0,"589":0,"590":0,"591":0,"592":0,"593":0,"594":0,"595":0,"596":0,"597":0,"598":0,"599":0,"600":0,"601":0,"602":0,"603":0,"604":0,"605":0,"606":0,"607":0,"608":0,"609":0,"610":0,"611":0,"612":0,"613":0,"614":0,"615":0,"616":0,"617":0,"618":0,"619":0,"620":0,"621":0,"622":0,"623":0,"624":0,"625":1,"626":0,"627":1,"628":0,"629":0,"630":0,"631":0,"632":0,"633":0,"634":0,"635":0,"636":0,"637":0,"638":0,"639":0,"640":0,"641":0,"642":0,"643":0,"644":0,"645":0,"646":0,"647":0,"648":0,"649":0,"650":0,"651":0,"652":0,"653":0,"654":0,"655":0,"656":1,"657":0,"658":0,"659":0,"660":0,"661":0,"662":0,"663":0,"664":0,"665":0,"666":0,"667":0,"668":0,"669":0,"670":0,"671":0,"672":0,"673":0,"674":0,"675":1,"676":0,"677":0,"678":0,"679":0,"680":0,"681":0,"682":0,"683":0,"684":0,"685":0,"686":0,"687":0,"688":0,"689":0,"690":0,"691":0,"692":0,"693":0,"694":0,"695":0,"696":0,"697":0,"698":0,"699":0,"700":0,"701":0,"702":0,"703":0,"704":0,"705":0,"706":0,"707":0,"708":0,"709":0,"710":0,"711":1,"712":0,"713":0,"714":0,"715":0,"716":1,"717":1,"718":1,"719":0,"720":0,"721":0,"722":0,"723":0,"724":0,"725":0,"726":0,"727":0,"728":0,"729":0,"730":0,"731":0,"732":0,"733":0,"734":1,"735":1,"736":1,"737":1,"738":0,"739":2,"740":2,"741":1,"742":1,"743":0,"744":0,"745":0,"746":0,"747":2,"748":0,"749":1,"750":0,"751":0,"752":0,"753":0,"754":0,"755":0,"756":0,"757":0,"758":0,"759":0,"760":0,"761":1,"762":0,"763":1,"764":0,"765":1,"766":0,"767":2,"768":2,"769":0,"770":1,"771":1,"772":1,"773":0,"774":1,"775":1,"776":1,"777":6,"778":1,"779":1,"780":3,"781":3,"782":1,"783":2,"784":2,"785":2,"786":2,"787":2,"788":28,"789":2,"790":1,"791":1,"792":1,"793":0,"794":0,"795":0,"796":1,"797":0,"798":0,"799":0,"800":1,"801":0,"802":0,"803":1,"804":0,"805":1,"806":0,"807":0,"808":0,"809":0,"810":1,"811":0,"812":0,"813":0,"814":1,"815":0,"816":0,"817":0,"818":0,"819":0,"820":0,"821":1,"822":0,"823":0,"824":0,"825":0,"826":0,"827":0,"828":0,"829":0,"830":0,"831":0,"832":0,"833":0,"834":0,"835":0,"836":0,"837":0,"838":0,"839":0,"840":0,"841":1,"842":0,"843":0,"844":0,"845":0,"846":1,"847":1,"848":1,"849":1,"850":0,"851":0,"852":1,"853":1,"854":1,"855":0,"856":0,"857":0,"858":0,"859":1,"860":1,"861":1,"862":7,"863":1,"864":1,"865":0,"866":0,"867":0,"868":0,"869":1,"870":1,"871":1,"872":1,"873":64,"874":1,"875":1,"876":1,"877":1,"878":1,"879":1,"880":1,"881":1,"882":1,"883":1,"884":2,"885":1,"886":1,"887":0,"888":0,"889":0,"890":0,"891":0,"892":1,"893":1,"894":2,"895":2,"896":2,"897":1,"898":0,"899":2,"900":1,"901":1,"902":1,"903":1,"904":1,"905":0,"906":0,"907":0,"908":0,"909":0,"910":1,"911":1,"912":1,"913":1,"914":0,"915":1,"916":0,"917":1,"918":0,"919":0,"920":0,"921":0,"922":0,"923":0,"924":0,"925":0,"926":1,"927":1,"928":1,"929":1,"930":1,"931":1,"932":1,"933":0,"934":1,"935":0,"936":0,"937":0,"938":0,"939":0,"940":0,"941":0,"942":0,"943":0,"944":0,"945":0,"946":0,"947":0,"948":0,"949":0,"950":0,"951":0,"952":0,"953":0,"954":0,"955":0,"956":0,"957":0,"958":0,"959":0,"960":0,"961":0,"962":0,"963":0,"964":0,"965":0,"966":1,"967":5,"968":0,"969":1,"970":1,"971":1,"972":1,"973":1,"974":1,"975":1,"976":1,"977":1,"978":1,"979":1,"980":0,"981":0,"982":1,"983":1,"984":0,"985":0,"986":0,"987":0,"988":0,"989":0,"990":0,"991":0,"992":0,"993":0,"994":0,"995":0,"996":0,"997":0,"998":0,"999":0,"1000":0,"1001":0,"1002":0,"1003":0,"1004":0,"1005":0,"1006":0,"1007":0,"1008":0,"1009":0,"1010":0,"1011":0,"1012":0,"1013":0,"1014":0,"1015":0,"1016":0,"1017":0,"1018":0,"1019":0,"1020":0,"1021":0,"1022":0,"1023":0,"1024":0,"1025":0,"1026":0,"1027":0,"1028":0,"1029":0,"1030":0,"1031":0,"1032":0,"1033":1,"1034":1,"1035":1,"1036":1,"1037":1,"1038":1,"1039":1,"1040":1,"1041":1,"1042":1,"1043":1,"1044":0,"1045":0,"1046":0,"1047":0,"1048":0,"1049":0,"1050":0,"1051":0,"1052":0,"1053":1,"1054":1,"1055":3,"1056":0,"1057":3,"1058":3,"1059":0,"1060":1,"1061":2,"1062":1,"1063":2,"1064":20,"1065":2,"1066":1,"1067":12,"1068":1,"1069":0,"1070":1,"1071":0,"
[...]
ne":1,"loc":{"start":{"line":1,"column":1},"end":{"line":1,"column":11}}},"2":{"name":"(anonymous_2)","line":5,"loc":{"start":{"line":5,"column":26},"end":{"line":5,"column":36}}}},"statementMap":{"1":{"start":{"line":1,"column":0},"end":{"line":13,"column":5}},"2":{"start":{"line":4,"column":4},"end":{"line":12,"column":7}},"3":{"start":{"line":6,"column":8},"end":{"line":11,"column":9}}},"branchMap":{}},"assets/js/services/authService.js":{"path":"assets/js/services/authService.js","s":{"1":1,"2":1,"3":1,"4":1,"5":1,"6":1,"7":0,"8":0,"9":0,"10":0,"11":0,"12":0,"13":0,"14":0,"15":0,"16":0,"17":0,"18":0,"19":0,"20":0,"21":0,"22":0,"23":0,"24":0,"25":0,"26":0,"27":0,"28":0,"29":1,"30":0,"31":1,"32":0,"33":0,"34":0,"35":0,"36":0,"37":0,"38":0,"39":0,"40":0,"41":0,"42":0,"43":0,"44":0,"45":0,"46":0,"47":0,"48":0,"49":0,"50":0,"51":1,"52":0,"53":0,"54":0,"55":0,"56":1},"b":{"1":[0,0],"2":[0,0],"3":[0,0],"4":[0,0],"5":[0,0],"6":[0,0],"7":[0,0],"8":[0,0],"9":[0,0],"10":[0,0],"11":[0,0],"12":[0,0,0,0],"13":[0,0],"14":[0,0],"15":[0,0],"16":[0,0],"17":[0,0],"18":[0,0]},"f":{"1":1,"2":1,"3":0,"4":0,"5":0,"6":0,"7":0,"8":0,"9":0,"10":0,"11":0},"fnMap":{"1":{"name":"(anonymous_1)","line":1,"loc":{"start":{"line":1,"column":1},"end":{"line":1,"column":13}}},"2":{"name":"_authService","line":9,"loc":{"start":{"line":9,"column":1},"end":{"line":9,"column":94}}},"3":{"name":"(anonymous_3)","line":17,"loc":{"start":{"line":17,"column":30},"end":{"line":17,"column":66}}},"4":{"name":"(anonymous_4)","line":22,"loc":{"start":{"line":22,"column":10},"end":{"line":22,"column":30}}},"5":{"name":"(anonymous_5)","line":48,"loc":{"start":{"line":48,"column":11},"end":{"line":48,"column":26}}},"6":{"name":"(anonymous_6)","line":59,"loc":{"start":{"line":59,"column":33},"end":{"line":59,"column":45}}},"7":{"name":"(anonymous_7)","line":66,"loc":{"start":{"line":66,"column":26},"end":{"line":66,"column":48}}},"8":{"name":"(anonymous_8)","line":79,"loc":{"start":{"line":79,"column":10},"end":{"line":79,"column":30}}},"9":{"name":"(anonymous_9)","line":106,"loc":{"start":{"line":106,"column":11},"end":{"line":106,"column":26}}},"10":{"name":"(anonymous_10)","line":116,"loc":{"start":{"line":116,"column":19},"end":{"line":116,"column":31}}},"11":{"name":"(anonymous_11)","line":118,"loc":{"start":{"line":118,"column":10},"end":{"line":118,"column":26}}}},"statementMap":{"1":{"start":{"line":1,"column":0},"end":{"line":128,"column":5}},"2":{"start":{"line":4,"column":1},"end":{"line":5,"column":41}},"3":{"start":{"line":7,"column":1},"end":{"line":7,"column":109}},"4":{"start":{"line":9,"column":1},"end":{"line":126,"column":2}},"5":{"start":{"line":10,"column":2},"end":{"line":10,"column":19}},"6":{"start":{"line":17,"column":2},"end":{"line":53,"column":3}},"7":{"start":{"line":18,"column":3},"end":{"line":52,"column":7}},"8":{"start":{"line":23,"column":5},"end":{"line":29,"column":6}},"9":{"start":{"line":24,"column":6},"end":{"line":24,"column":38}},"10":{"start":{"line":25,"column":6},"end":{"line":27,"column":7}},"11":{"start":{"line":26,"column":7},"end":{"line":26,"column":33}},"12":{"start":{"line":28,"column":6},"end":{"line":28,"column":43}},"13":{"start":{"line":31,"column":5},"end":{"line":31,"column":14}},"14":{"start":{"line":32,"column":5},"end":{"line":32,"column":54}},"15":{"start":{"line":32,"column":26},"end":{"line":32,"column":52}},"16":{"start":{"line":34,"column":5},"end":{"line":36,"column":6}},"17":{"start":{"line":35,"column":6},"end":{"line":35,"column":62}},"18":{"start":{"line":38,"column":5},"end":{"line":38,"column":15}},"19":{"start":{"line":39,"column":5},"end":{"line":39,"column":79}},"20":{"start":{"line":39,"column":49},"end":{"line":39,"column":77}},"21":{"start":{"line":41,"column":5},"end":{"line":43,"column":6}},"22":{"start":{"line":42,"column":6},"end":{"line":42,"column":67}},"23":{"start":{"line":45,"column":5},"end":{"line":45,"column":36}},"24":{"start":{"line":46,"column":5},"end":{"line":46,"column":29}},"25":{"start":{"line":49,"column":5},"end":{"line":49,"column":28}},"26":{"start":{"line":50,"column":5},"end":{"line":50,"column":65}},"27":{"start":{"line":50,"column":37},"end":{"line":50,"column":65}},"28":{"start":{"line":51,"column":5},"end":{"line":51,"column":22}},"29":{"start":{"line":59,"column":2},"end":{"line":59,"column":90}},"30":{"start":{"line":59,"column":47},"end":{"line":59,"column":88}},"31":{"start":{"line":66,"column":2},"end":{"line":111,"column":3}},"32":{"start":{"line":68,"column":4},"end":{"line":71,"column":5}},"33":{"start":{"line":70,"column":5},"end":{"line":70,"column":70}},"34":{"start":{"line":73,"column":4},"end":{"line":109,"column":7}},"35":{"start":{"line":80,"column":5},"end":{"line":81,"column":46}},"36":{"start":{"line":81,"column":6},"end":{"line":81,"column":46}},"37":{"start":{"line":84,"column":5},"end":{"line":84,"column":14}},"38":{"start":{"line":85,"column":5},"end":{"line":86,"column":32}},"39":{"start":{"line":86,"column":6},"end":{"line":86,"column":32}},"40":{"start":{"line":88,"column":5},"end":{"line":88,"column":15}},"41":{"start":{"line":89,"column":5},"end":{"line":90,"column":34}},"42":{"start":{"line":90,"column":6},"end":{"line":90,"column":34}},"43":{"start":{"line":92,"column":5},"end":{"line":93,"column":67}},"44":{"start":{"line":93,"column":6},"end":{"line":93,"column":67}},"45":{"start":{"line":94,"column":5},"end":{"line":94,"column":36}},"46":{"start":{"line":96,"column":5},"end":{"line":97,"column":64}},"47":{"start":{"line":97,"column":6},"end":{"line":97,"column":64}},"48":{"start":{"line":102,"column":6},"end":{"line":102,"column":55}},"49":{"start":{"line":103,"column":6},"end":{"line":103,"column":30}},"50":{"start":{"line":107,"column":5},"end":{"line":107,"column":29}},"51":{"start":{"line":116,"column":2},"end":{"line":123,"column":3}},"52":{"start":{"line":117,"column":3},"end":{"line":122,"column":7}},"53":{"start":{"line":119,"column":5},"end":{"line":119,"column":32}},"54":{"start":{"line":120,"column":5},"end":{"line":120,"column":49}},"55":{"start":{"line":121,"column":5},"end":{"line":121,"column":29}},"56":{"start":{"line":125,"column":2},"end":{"line":125,"column":17}}},"branchMap":{"1":{"line":23,"type":"if","locations":[{"start":{"line":23,"column":5},"end":{"line":23,"column":5}},{"start":{"line":23,"column":5},"end":{"line":23,"column":5}}]},"2":{"line":23,"type":"binary-expr","locations":[{"start":{"line":23,"column":9},"end":{"line":23,"column":22}},{"start":{"line":23,"column":26},"end":{"line":23,"column":45}}]},"3":{"line":25,"type":"if","locations":[{"start":{"line":25,"column":6},"end":{"line":25,"column":6}},{"start":{"line":25,"column":6},"end":{"line":25,"column":6}}]},"4":{"line":32,"type":"if","locations":[{"start":{"line":32,"column":5},"end":{"line":32,"column":5}},{"start":{"line":32,"column":5},"end":{"line":32,"column":5}}]},"5":{"line":34,"type":"if","locations":[{"start":{"line":34,"column":5},"end":{"line":34,"column":5}},{"start":{"line":34,"column":5},"end":{"line":34,"column":5}}]},"6":{"line":39,"type":"if","locations":[{"start":{"line":39,"column":5},"end":{"line":39,"column":5}},{"start":{"line":39,"column":5},"end":{"line":39,"column":5}}]},"7":{"line":39,"type":"binary-expr","locations":[{"start":{"line":39,"column":9},"end":{"line":39,"column":22}},{"start":{"line":39,"column":26},"end":{"line":39,"column":45}}]},"8":{"line":41,"type":"if","locations":[{"start":{"line":41,"column":5},"end":{"line":41,"column":5}},{"start":{"line":41,"column":5},"end":{"line":41,"column":5}}]},"9":{"line":50,"type":"if","locations":[{"start":{"line":50,"column":5},"end":{"line":50,"column":5}},{"start":{"line":50,"column":5},"end":{"line":50,"column":5}}]},"10":{"line":50,"type":"binary-expr","locations":[{"start":{"line":50,"column":9},"end":{"line":50,"column":17}},{"start":{"line":50,"column":21},"end":{"line":50,"column":35}}]},"11":{"line":68,"type":"if","locations":[{"start":{"line":68,"column":4},"end":{"line":68,"column":4}},{"start":{"line":68,"column":4},"end":{"line":68,"column":4}}]},"12":{"line":68,"type":"binary-expr","locations":[{"start":{"line":68,"column":8},"end":{"line":68,"column":22}},{"start":{"line":68,"column":26},"end":{"line":68,"column":41}},{"start":{"line":68,"column":45},"end":{"line":68,"column":59}},{"start":{"line":68,"column":63},"end":{"line":68,"column":74}}]},"13":{"line":80,"type":"if","locations":[{"start":{"line":80,"column":5},"end":{"line":80,"column":5}},{"start":{"line":80,"column":5},"end":{"line":80,"column":5}}]},"14":{"line":80,"type":"binary-expr","locations":[{"start":{"line":80,"column":9},"end":{"line":80,"column":22}},{"start":{"line":80,"column":26},"end":{"line":80,"column":45}}]},"15":{"line":85,"type":"if","locations":[{"start":{"line":85,"column":5},"end":{"line":85,"column":5}},{"start":{"line":85,"column":5},"end":{"line":85,"column":5}}]},"16":{"line":89,"type":"if","locations":[{"start":{"line":89,"column":5},"end":{"line":89,"column":5}},{"start":{"line":89,"column":5},"end":{"line":89,"column":5}}]},"17":{"line":92,"type":"if","locations":[{"start":{"line":92,"column":5},"end":{"line":92,"column":5}},{"start":{"line":92,"column":5},"end":{"line":92,"column":5}}]},"18":{"line":96,"type":"if","locations":[{"start":{"line":96,"column":5},"end":{"line":96,"column":5}},{"start":{"line":96,"column":5},"end":{"line":96,"column":5}}]}}},"assets/js/services/baconService.js":{"path":"assets/js/services/baconService.js","s":{"1":1,"2":1,"3":1,"4":1,"5":0,"6":0,"7":0,"8":0,"9":0,"10":0,"11":0,"12":0,"13":0,"14":0,"15":0,"16":0,"17":0,"18":0,"19":0},"b":{"1":[0,0],"2":[0,0]},"f":{"1":1,"2":0,"3":0,"4":0,"5":0},"fnMap":{"1":{"name":"(anonymous_1)","line":1,"loc":{"start":{"line":1,"column":1},"end":{"line":1,"column":12}}},"2":{"name":"_baconService","line":9,"loc":{"start":{"line":9,"column":1},"end":{"line":9,"column":31}}},"3":{"name":"(anonymous_3)","line":17,"loc":{"start":{"line":17,"column":21},"end":{"line":17,"column":59}}},"4":{"name":"(anonymous_4)","line":31,"loc":{"start":{"line":31,"column":9},"end":{"line":31,"column":24}}},"5":{"name":"(anonymous_5)","line":34,"loc":{"start":{"line":34,"column":10},"end":{"line":34,"column":24}}}},"statementMap":{"1":{"start":{"line":1,"column":0},"end":{"line":42,"column":5}},"2":{"start":{"line":4,"column":1},"end":{"line":5,"column":42}},"3":{"start":{"line":7,"column":1},"end":{"line":7,"column":35}},"4":{"start":{"line":9,"column":1},"end":{"line":40,"column":2}},"5":{"start":{"line":10,"column":2},"end":{"line":10,"column":19}},"6":{"start":{"line":17,"column":2},"end":{"line":37,"column":3}},"7":{"start":{"line":18,"column":3},"end":{"line":18,"column":64}},"8":{"start":{"line":19,"column":3},"end":{"line":23,"column":4}},"9":{"start":{"line":20,"column":4},"end":{"line":20,"column":37}},"10":{"start":{"line":21,"column":10},"end":{"line":23,"column":4}},"11":{"start":{"line":22,"column":4},"end":{"line":22,"column":42}},"12":{"start":{"line":24,"column":3},"end":{"line":24,"column":32}},"13":{"start":{"line":26,"column":3},"end":{"line":26,"column":19}},"14":{"start":{"line":27,"column":3},"end":{"line":27,"column":25}},"15":{"start":{"line":28,"column":3},"end":{"line":28,"column":20}},"16":{"start":{"line":30,"column":3},"end":{"line":36,"column":6}},"17":{"start":{"line":32,"column":4},"end":{"line":32,"column":33}},"18":{"start":{"line":35,"column":4},"end":{"line":35,"column":28}},"19":{"start":{"line":39,"column":2},"end":{"line":39,"column":17}}},"branchMap":{"1":{"line":19,"type":"if","locations":[{"start":{"line":19,"column":3},"end":{"line":19,"column":3}},{"start":{"line":19,"column":3},"end":{"line":19,"column":3}}]},"2":{"line":21,"type":"if","locations":[{"start":{"line":21,"column":10},"end":{"line":21,"column":10}},{"start":{"line":21,"column":10},"end":{"line":21,"column":10}}]}}},"assets/js/services/entryService.js":{"path":"assets/js/services/entryService.js","s":{"1":1,"2":1,"3":1,"4":1,"5":0,"6":0,"7":0,"8":0,"9":0,"10":0,"11":0,"12":0,"13":0,"14":0,"15":0,"16":0,"17":0,"18":0,"19":0,"20":0,"21":0,"22":0,"23":0,"24":0,"25":0,"26":0,"27":0,"28":0,"29":0,"30":0,"31":0,"32":0,"33":0,"34":0,"35":0,"36":0,"37":0,"38":0,"39":0,"40":0},"b":{"1":[0,0]},"f":{"1":1,"2":0,"3":0,"4":0,"5":0,"6":0,"7":0,"8":0,"9":0,"10":0,"11":0,"12":0,"13":0,"14":0,"15":0},"fnMap":{"1":{"name":"(anonymous_1)","line":1,"loc":{"start":{"line":1,"column":1},"end":{"line":1,"column":13}}},"2":{"name":"_entryService","line":9,"loc":{"start":{"line":9,"column":2},"end":{"line":9,"column":36}}},"3":{"name":"(anonymous_3)","line":12,"loc":{"start":{"line":12,"column":31},"end":{"line":12,"column":47}}},"4":{"name":"(anonymous_4)","line":20,"loc":{"start":{"line":20,"column":29},"end":{"line":20,"column":45}}},"5":{"name":"(anonymous_5)","line":28,"loc":{"start":{"line":28,"column":30},"end":{"line":28,"column":46}}},"6":{"name":"(anonymous_6)","line":36,"loc":{"start":{"line":36,"column":24},"end":{"line":36,"column":49}}},"7":{"name":"(anonymous_7)","line":56,"loc":{"start":{"line":56,"column":24},"end":{"line":56,"column":38}}},"8":{"name":"(anonymous_8)","line":64,"loc":{"start":{"line":64,"column":26},"end":{"line":64,"column":40}}},"9":{"name":"(anonymous_9)","line":72,"loc":{"start":{"line":72,"column":26},"end":{"line":72,"column":43}}},"10":{"name":"(anonymous_10)","line":81,"loc":{"start":{"line":81,"column":28},"end":{"line":81,"column":47}}},"11":{"name":"(anonymous_11)","line":90,"loc":{"start":{"line":90,"column":19},"end":{"line":90,"column":36}}},"12":{"name":"(anonymous_12)","line":99,"loc":{"start":{"line":99,"column":26},"end":{"line":99,"column":45}}},"13":{"name":"(anonymous_13)","line":108,"loc":{"start":{"line":108,"column":26},"end":{"line":108,"column":42}}},"14":{"name":"(anonymous_14)","line":112,"loc":{"start":{"line":112,"column":28},"end":{"line":112,"column":44}}},"15":{"name":"(anonymous_15)","line":116,"loc":{"start":{"line":116,"column":20},"end":{"line":116,"column":43}}}},"statementMap":{"1":{"start":{"line":1,"column":0},"end":{"line":142,"column":5}},"2":{"start":{"line":4,"column":2},"end":{"line":5,"column":45}},"3":{"start":{"line":7,"column":2},"end":{"line":7,"column":41}},"4":{"start":{"line":9,"column":2},"end":{"line":140,"column":3}},"5":{"start":{"line":10,"column":4},"end":{"line":10,"column":21}},"6":{"start":{"line":12,"column":4},"end":{"line":18,"column":5}},"7":{"start":{"line":13,"column":6},"end":{"line":17,"column":9}},"8":{"start":{"line":20,"column":4},"end":{"line":26,"column":5}},"9":{"start":{"line":21,"column":6},"end":{"line":25,"column":9}},"10":{"start":{"line":28,"column":4},"end":{"line":34,"column":5}},"11":{"start":{"line":29,"column":6},"end":{"line":33,"column":9}},"12":{"start":{"line":36,"column":4},"end":{"line":54,"column":5}},"13":{"start":{"line":37,"column":6},"end":{"line":37,"column":25}},"14":{"start":{"line":38,"column":6},"end":{"line":38,"column":44}},"15":{"start":{"line":39,"column":6},"end":{"line":45,"column":7}},"16":{"start":{"line":46,"column":6},"end":{"line":46,"column":92}},"17":{"start":{"line":48,"column":6},"end":{"line":48,"column":32}},"18":{"start":{"line":49,"column":6},"end":{"line":53,"column":9}},"19":{"start":{"line":56,"column":4},"end":{"line":62,"column":5}},"20":{"start":{"line":57,"column":6},"end":{"line":61,"column":9}},"21":{"start":{"line":64,"column":4},"end":{"line":70,"column":5}},"22":{"start":{"line":65,"column":6},"end":{"line":69,"column":9}},"23":{"start":{"line":72,"column":4},"end":{"line":79,"column":5}},"24":{"start":{"line":73,"column":6},"end":{"line":78,"column":9}},"25":{"start":{"line":81,"column":4},"end":{"line":88,"column":5}},"26":{"start":{"line":82,"column":6},"end":{"line":87,"column":9}},"27":{"start":{"line":90,"column":4},"end":{"line":97,"column":5}},"28":{"start":{"line":91,"column":6},"end":{"line":96,"column":9}},"29":{"start":{"line":99,"column":4},"end":{"line":106,"column":5}},"30":{"start":{"line":100,"column":6},"end":{"line":105,"column":9}},"31":{"start":{"line":108,"column":4},"end":{"line":110,"column":5}},"32":{"start":{"line":109,"column":6},"end":{"line":109,"column":52}},"33":{"start":{"line":112,"column":4},"end":{"line":114,"column":5}},"34":{"start":{"line":113,"column":6},"end":{"line":113,"column":54}},"35":{"start":{"line":116,"column":4},"end":{"line":137,"column":5}},"36":{"start":{"line":117,"column":6},"end":{"line":129,"column":8}},"37":{"start":{"line":130,"column":6},"end":{"line":130,"column":76}},"38":{"start":{"line":131,"column":6},"end":{"line":131,"column":34}},"39":{"start":{"line":132,"column":6},"end":{"line":136,"column":8}},"40":{"start":{"line":139,"column":4},"end":{"line":139,"column":19}}},"branchMap":{"1":{"line":46,"type":"cond-expr","locations":[{"start":{"line":46,"column":68},"end":{"line":46,"column":85}},{"start":{"line":46,"column":88},"end":{"line":46,"column":90}}]}}},"assets/js/services/redirectService.js":{"path":"assets/js/services/redirectService.js","s":{"1":1,"2":0,"3":0,"4":1,"5":0,"6":0,"7":0},"b":{},"f":{"1":0,"2":0,"3":0},"fnMap":{"1":{"name":"(anonymous_1)","line":8,"loc":{"start":{"line":8,"column":1},"end":{"line":8,"column":12}}},"2":{"name":"_redirectService","line":14,"loc":{"start":{"line":14,"column":1},"end":{"line":14,"column":57}}},"3":{"name":"(anonymous_3)","line":17,"loc":{"start":{"line":17,"column":21},"end":{"line":17,"column":51}}}},"statementMap":{"1":{"start":{"line":8,"column":0},"end":{"line":24,"column":2}},"2":{"start":{"line":9,"column":1},"end":{"line":10,"column":48}},"3":{"start":{"line":12,"column":1},"end":{"line":12,"column":65}},"4":{"start":{"line":14,"column":1},"end":{"line":22,"column":2}},"5":{"start":{"line":15,"column":2},"end":{"line":15,"column":19}},"6":{"start":{"line":17,"column":2},"end":{"line":19,"column":3}},"7":{"start":{"line":21,"column":2},"end":{"line":21,"column":17}}},"branchMap":{}},"assets/js/services/userService.js":{"path":"assets/js/services/userService.js","s":{"1":1,"2":1,"3":1,"4":1,"5":0,"6":0,"7":0,"8":0,"9":0,"10":0,"11":0,"12":0,"13":0,"14":0,"15":0,"16":0},"b":{},"f":{"1":1,"2":0,"3":0,"4":0,"5":0,"6":0,"7":0},"fnMap":{"1":{"name":"(anonymous_1)","line":1,"loc":{"start":{"line":1,"column":1},"end":{"line":1,"column":13}}},"2":{"name":"_userService","line":9,"loc":{"start":{"line":9,"column":1},"end":{"line":9,"column":75}}},"3":{"name":"(anonymous_3)","line":15,"loc":{"start":{"line":15,"column":20},"end":{"line":15,"column":32}}},"4":{"name":"(anonymous_4)","line":22,"loc":{"start":{"line":22,"column":23},"end":{"line":22,"column":39}}},"5":{"name":"(anonymous_5)","line":30,"loc":{"start":{"line":30,"column":23},"end":{"line":30,"column":39}}},"6":{"name":"(anonymous_6)","line":38,"loc":{"start":{"line":38,"column":23},"end":{"line":38,"column":39}}},"7":{"name":"(anonymous_7)","line":42,"loc":{"start":{"line":42,"column":20},"end":{"line":42,"column":32}}}},"statementMap":{"1":{"start":{"line":1,"column":0},"end":{"line":49,"column":5}},"2":{"start":{"line":4,"column":1},"end":{"line":5,"column":41}},"3":{"start":{"line":7,"column":1},"end":{"line":7,"column":88}},"4":{"start":{"line":9,"column":1},"end":{"line":47,"column":2}},"5":{"start":{"line":10,"column":2},"end":{"line":10,"column":19}},"6":{"start":{"line":15,"column":2},"end":{"line":17,"column":3}},"7":{"start":{"line":16,"column":3},"end":{"line":16,"column":27}},"8":{"start":{"line":22,"column":2},"end":{"line":24,"column":3}},"9":{"start":{"line":23,"column":3},"end":{"line":23,"column":36}},"10":{"start":{"line":30,"column":2},"end":{"line":32,"column":3}},"11":{"start":{"line":31,"column":3},"end":{"line":31,"column":45}},"12":{"start":{"line":38,"column":2},"end":{"line":40,"column":3}},"13":{"start":{"line":39,"column":3},"end":{"line":39,"column":48}},"14":{"start":{"line":42,"column":2},"end":{"line":44,"column":3}},"15":{"start":{"line":43,"column":3},"end":{"line":43,"column":29}},"16":{"start":{"line":46,"column":2},"end":{"line":46,"column":17}}},"branchMap":{}}}